<?xml version="1.0" encoding="utf-8"?>
<CoverageSession xmlns:xsd="http://www.w3.org/2001/XMLSchema" xmlns:xsi="http://www.w3.org/2001/XMLSchema-instance" Version="4.6.0.0">
  <Summary numSequencePoints="1062" visitedSequencePoints="674" numBranchPoints="272" visitedBranchPoints="154" sequenceCoverage="63.47" branchCoverage="56.62" maxCyclomaticComplexity="11" minCyclomaticComplexity="1" maxCrapScore="56" minCrapScore="1" visitedClasses="67" numClasses="82" visitedMethods="107" numMethods="182" />
  <Modules>
    <Module hash="16-9E-8E-34-2D-C9-39-13-EF-27-B9-F3-15-E3-D5-37-AB-65-07-D9">
      <Summary numSequencePoints="499" visitedSequencePoints="308" numBranchPoints="114" visitedBranchPoints="57" sequenceCoverage="61.72" branchCoverage="50" maxCyclomaticComplexity="3" minCyclomaticComplexity="1" maxCrapScore="12" minCrapScore="1" visitedClasses="19" numClasses="24" visitedMethods="57" numMethods="108" />
      <ModulePath>C:\Rahul\FSE\Repositories\FSEAssesmentRepo\FinalAssesment\projectmanager.Service.Tests\bin\Debug\projectmanager.Service.Tests.dll</ModulePath>
      <ModuleTime>2019-10-04T03:03:14.486227Z</ModuleTime>
      <ModuleName>projectmanager.Service.Tests</ModuleName>
      <Files>
        <File uid="1" fullPath="C:\Rahul\FSE\Repositories\FSEAssesmentRepo\FinalAssesment\projectmanager.Service.Tests\NuGet.Modules\JsonHelper.cs" />
        <File uid="2" fullPath="C:\Rahul\FSE\Repositories\FSEAssesmentRepo\FinalAssesment\projectmanager.Service.Tests\Utils\AsyncUtils.cs" />
        <File uid="5" fullPath="C:\Rahul\FSE\Repositories\FSEAssesmentRepo\FinalAssesment\projectmanager.Service.Tests\Repository\TasksBaseTest.cs" />
        <File uid="10" fullPath="C:\Rahul\FSE\Repositories\FSEAssesmentRepo\FinalAssesment\projectmanager.Service.Tests\Repository\UserBaseTest.cs" />
        <File uid="14" fullPath="C:\Rahul\FSE\Repositories\FSEAssesmentRepo\FinalAssesment\projectmanager.Service.Tests\Repository\ProjectBaseTest.cs" />
        <File uid="18" fullPath="C:\Rahul\FSE\Repositories\FSEAssesmentRepo\FinalAssesment\projectmanager.Service.Tests\Repository\FakeDbSet.cs" />
        <File uid="19" fullPath="C:\Rahul\FSE\Repositories\FSEAssesmentRepo\FinalAssesment\projectmanager.Service.Tests\Models\Projects.cs" />
        <File uid="20" fullPath="C:\Rahul\FSE\Repositories\FSEAssesmentRepo\FinalAssesment\projectmanager.Service.Tests\Controllers\ProjectControllerTests.cs" />
        <File uid="22" fullPath="C:\Rahul\FSE\Repositories\FSEAssesmentRepo\FinalAssesment\projectmanager.Service.Tests\Controllers\TasksControllerTests.cs" />
        <File uid="24" fullPath="C:\Rahul\FSE\Repositories\FSEAssesmentRepo\FinalAssesment\projectmanager.Service.Tests\Controllers\UsersControllerTests.cs" />
      </Files>
      <Classes>
        <Class>
          <Summary numSequencePoints="19" visitedSequencePoints="0" numBranchPoints="7" visitedBranchPoints="0" sequenceCoverage="0" branchCoverage="0" maxCyclomaticComplexity="3" minCyclomaticComplexity="1" maxCrapScore="12" minCrapScore="2" visitedClasses="0" numClasses="1" visitedMethods="0" numMethods="5" />
          <FullName>NuGet.Modules.JsonHelper</FullName>
          <Methods>
            <Method visited="false" cyclomaticComplexity="3" nPathComplexity="2" sequenceCoverage="0" branchCoverage="0" crapScore="12" isConstructor="false" isStatic="true" isGetter="false" isSetter="false">
              <Summary numSequencePoints="8" visitedSequencePoints="0" numBranchPoints="3" visitedBranchPoints="0" sequenceCoverage="0" branchCoverage="0" maxCyclomaticComplexity="3" minCyclomaticComplexity="3" maxCrapScore="12" minCrapScore="12" visitedClasses="0" numClasses="0" visitedMethods="0" numMethods="1" />
              <MetadataToken>100663297</MetadataToken>
              <Name>System.Void NuGet.Modules.JsonHelper::Serialize(System.String,T)</Name>
              <FileRef uid="1" />
              <SequencePoints>
                <SequencePoint vc="0" uspid="1" ordinal="0" offset="0" sl="15" sc="9" el="15" ec="10" bec="0" bev="0" fileid="1" />
                <SequencePoint vc="0" uspid="2" ordinal="1" offset="1" sl="16" sc="13" el="16" ec="60" bec="0" bev="0" fileid="1" />
                <SequencePoint vc="0" uspid="3" ordinal="2" offset="8" sl="17" sc="13" el="17" ec="87" bec="2" bev="0" fileid="1" />
                <SequencePoint vc="0" uspid="4" ordinal="3" offset="32" sl="18" sc="13" el="18" ec="14" bec="0" bev="0" fileid="1" />
                <SequencePoint vc="0" uspid="5" ordinal="4" offset="33" sl="19" sc="17" el="19" ec="54" bec="0" bev="0" fileid="1" />
                <SequencePoint vc="0" uspid="6" ordinal="5" offset="40" sl="20" sc="13" el="20" ec="14" bec="0" bev="0" fileid="1" />
                <SequencePoint vc="0" uspid="7" ordinal="6" offset="41" sl="21" sc="13" el="21" ec="50" bec="0" bev="0" fileid="1" />
                <SequencePoint vc="0" uspid="8" ordinal="7" offset="54" sl="22" sc="9" el="22" ec="10" bec="0" bev="0" fileid="1" />
              </SequencePoints>
              <BranchPoints>
                <BranchPoint vc="0" uspid="11" ordinal="2" offset="30" sl="17" path="0" offsetend="32" fileid="1" />
                <BranchPoint vc="0" uspid="12" ordinal="3" offset="30" sl="17" path="1" offsetend="41" fileid="1" />
              </BranchPoints>
              <MethodPoint xsi:type="SequencePoint" vc="0" uspid="1" ordinal="0" offset="0" sl="15" sc="9" el="15" ec="10" bec="0" bev="0" fileid="1" />
            </Method>
            <Method visited="false" cyclomaticComplexity="1" nPathComplexity="0" sequenceCoverage="0" branchCoverage="0" crapScore="2" isConstructor="false" isStatic="true" isGetter="false" isSetter="false">
              <Summary numSequencePoints="4" visitedSequencePoints="0" numBranchPoints="1" visitedBranchPoints="0" sequenceCoverage="0" branchCoverage="0" maxCyclomaticComplexity="1" minCyclomaticComplexity="1" maxCrapScore="2" minCrapScore="2" visitedClasses="0" numClasses="0" visitedMethods="0" numMethods="1" />
              <MetadataToken>100663298</MetadataToken>
              <Name>T NuGet.Modules.JsonHelper::Deserialize(System.String)</Name>
              <FileRef uid="1" />
              <SequencePoints>
                <SequencePoint vc="0" uspid="13" ordinal="0" offset="0" sl="25" sc="9" el="25" ec="10" bec="0" bev="0" fileid="1" />
                <SequencePoint vc="0" uspid="14" ordinal="1" offset="1" sl="26" sc="13" el="26" ec="47" bec="0" bev="0" fileid="1" />
                <SequencePoint vc="0" uspid="15" ordinal="2" offset="8" sl="27" sc="13" el="27" ec="38" bec="0" bev="0" fileid="1" />
                <SequencePoint vc="0" uspid="16" ordinal="3" offset="17" sl="28" sc="9" el="28" ec="10" bec="0" bev="0" fileid="1" />
              </SequencePoints>
              <BranchPoints />
              <MethodPoint xsi:type="SequencePoint" vc="0" uspid="13" ordinal="0" offset="0" sl="25" sc="9" el="25" ec="10" bec="0" bev="0" fileid="1" />
            </Method>
            <Method visited="false" cyclomaticComplexity="1" nPathComplexity="0" sequenceCoverage="0" branchCoverage="0" crapScore="2" isConstructor="false" isStatic="true" isGetter="false" isSetter="false">
              <Summary numSequencePoints="3" visitedSequencePoints="0" numBranchPoints="1" visitedBranchPoints="0" sequenceCoverage="0" branchCoverage="0" maxCyclomaticComplexity="1" minCyclomaticComplexity="1" maxCrapScore="2" minCrapScore="2" visitedClasses="0" numClasses="0" visitedMethods="0" numMethods="1" />
              <MetadataToken>100663299</MetadataToken>
              <Name>System.String NuGet.Modules.JsonHelper::ToJson(T)</Name>
              <FileRef uid="1" />
              <SequencePoints>
                <SequencePoint vc="0" uspid="17" ordinal="0" offset="0" sl="31" sc="9" el="31" ec="10" bec="0" bev="0" fileid="1" />
                <SequencePoint vc="0" uspid="18" ordinal="1" offset="1" sl="32" sc="13" el="32" ec="77" bec="0" bev="0" fileid="1" />
                <SequencePoint vc="0" uspid="19" ordinal="2" offset="20" sl="33" sc="9" el="33" ec="10" bec="0" bev="0" fileid="1" />
              </SequencePoints>
              <BranchPoints />
              <MethodPoint xsi:type="SequencePoint" vc="0" uspid="17" ordinal="0" offset="0" sl="31" sc="9" el="31" ec="10" bec="0" bev="0" fileid="1" />
            </Method>
            <Method visited="false" cyclomaticComplexity="1" nPathComplexity="0" sequenceCoverage="0" branchCoverage="0" crapScore="2" isConstructor="false" isStatic="true" isGetter="false" isSetter="false">
              <Summary numSequencePoints="3" visitedSequencePoints="0" numBranchPoints="1" visitedBranchPoints="0" sequenceCoverage="0" branchCoverage="0" maxCyclomaticComplexity="1" minCyclomaticComplexity="1" maxCrapScore="2" minCrapScore="2" visitedClasses="0" numClasses="0" visitedMethods="0" numMethods="1" />
              <MetadataToken>100663300</MetadataToken>
              <Name>T NuGet.Modules.JsonHelper::FromJson(System.String)</Name>
              <FileRef uid="1" />
              <SequencePoints>
                <SequencePoint vc="0" uspid="20" ordinal="0" offset="0" sl="36" sc="9" el="36" ec="10" bec="0" bev="0" fileid="1" />
                <SequencePoint vc="0" uspid="21" ordinal="1" offset="1" sl="37" sc="13" el="37" ec="83" bec="0" bev="0" fileid="1" />
                <SequencePoint vc="0" uspid="22" ordinal="2" offset="15" sl="38" sc="9" el="38" ec="10" bec="0" bev="0" fileid="1" />
              </SequencePoints>
              <BranchPoints />
              <MethodPoint xsi:type="SequencePoint" vc="0" uspid="20" ordinal="0" offset="0" sl="36" sc="9" el="36" ec="10" bec="0" bev="0" fileid="1" />
            </Method>
            <Method visited="false" cyclomaticComplexity="1" nPathComplexity="0" sequenceCoverage="0" branchCoverage="0" crapScore="2" isConstructor="true" isStatic="true" isGetter="false" isSetter="false">
              <Summary numSequencePoints="1" visitedSequencePoints="0" numBranchPoints="1" visitedBranchPoints="0" sequenceCoverage="0" branchCoverage="0" maxCyclomaticComplexity="1" minCyclomaticComplexity="1" maxCrapScore="2" minCrapScore="2" visitedClasses="0" numClasses="0" visitedMethods="0" numMethods="1" />
              <MetadataToken>100663301</MetadataToken>
              <Name>System.Void NuGet.Modules.JsonHelper::.cctor()</Name>
              <FileRef uid="1" />
              <SequencePoints>
                <SequencePoint vc="0" uspid="23" ordinal="0" offset="0" sl="11" sc="9" el="12" ec="108" bec="0" bev="0" fileid="1" />
              </SequencePoints>
              <BranchPoints />
              <MethodPoint xsi:type="SequencePoint" vc="0" uspid="23" ordinal="0" offset="0" sl="11" sc="9" el="12" ec="108" bec="0" bev="0" fileid="1" />
            </Method>
          </Methods>
        </Class>
        <Class>
          <Summary numSequencePoints="12" visitedSequencePoints="11" numBranchPoints="5" visitedBranchPoints="4" sequenceCoverage="91.67" branchCoverage="80" maxCyclomaticComplexity="1" minCyclomaticComplexity="1" maxCrapScore="2" minCrapScore="1" visitedClasses="1" numClasses="1" visitedMethods="4" numMethods="5" />
          <FullName>projectmanager.Service.Tests.Utils.AsyncEnumerator`1</FullName>
          <Methods>
            <Method visited="true" cyclomaticComplexity="1" nPathComplexity="0" sequenceCoverage="100" branchCoverage="100" crapScore="1" isConstructor="false" isStatic="false" isGetter="true" isSetter="false">
              <Summary numSequencePoints="1" visitedSequencePoints="1" numBranchPoints="1" visitedBranchPoints="1" sequenceCoverage="100" branchCoverage="100" maxCyclomaticComplexity="1" minCyclomaticComplexity="1" maxCrapScore="1" minCrapScore="1" visitedClasses="0" numClasses="0" visitedMethods="1" numMethods="1" />
              <MetadataToken>100663305</MetadataToken>
              <Name>T projectmanager.Service.Tests.Utils.AsyncEnumerator`1::get_Current()</Name>
              <FileRef uid="2" />
              <SequencePoints>
                <SequencePoint vc="7" uspid="24" ordinal="0" offset="0" sl="29" sc="29" el="29" ec="43" bec="0" bev="0" fileid="2">
                  <TrackedMethodRefs>
                    <TrackedMethodRef uid="7" vc="2" />
                    <TrackedMethodRef uid="8" vc="1" />
                    <TrackedMethodRef uid="6" vc="2" />
                    <TrackedMethodRef uid="15" vc="2" />
                  </TrackedMethodRefs>
                </SequencePoint>
              </SequencePoints>
              <BranchPoints />
              <MethodPoint xsi:type="SequencePoint" vc="7" uspid="24" ordinal="0" offset="0" sl="29" sc="29" el="29" ec="43" bec="0" bev="0" fileid="2">
                <TrackedMethodRefs>
                  <TrackedMethodRef uid="7" vc="2" />
                  <TrackedMethodRef uid="8" vc="1" />
                  <TrackedMethodRef uid="6" vc="2" />
                  <TrackedMethodRef uid="15" vc="2" />
                </TrackedMethodRefs>
              </MethodPoint>
            </Method>
            <Method visited="false" cyclomaticComplexity="1" nPathComplexity="0" sequenceCoverage="0" branchCoverage="0" crapScore="2" isConstructor="false" isStatic="false" isGetter="true" isSetter="false">
              <Summary numSequencePoints="1" visitedSequencePoints="0" numBranchPoints="1" visitedBranchPoints="0" sequenceCoverage="0" branchCoverage="0" maxCyclomaticComplexity="1" minCyclomaticComplexity="1" maxCrapScore="2" minCrapScore="2" visitedClasses="0" numClasses="0" visitedMethods="0" numMethods="1" />
              <MetadataToken>100663306</MetadataToken>
              <Name>System.Object projectmanager.Service.Tests.Utils.AsyncEnumerator`1::System.Data.Entity.Infrastructure.IDbAsyncEnumerator.get_Current()</Name>
              <FileRef uid="2" />
              <SequencePoints>
                <SequencePoint vc="0" uspid="25" ordinal="0" offset="0" sl="31" sc="46" el="31" ec="53" bec="0" bev="0" fileid="2" />
              </SequencePoints>
              <BranchPoints />
              <MethodPoint xsi:type="SequencePoint" vc="0" uspid="25" ordinal="0" offset="0" sl="31" sc="46" el="31" ec="53" bec="0" bev="0" fileid="2" />
            </Method>
            <Method visited="true" cyclomaticComplexity="1" nPathComplexity="0" sequenceCoverage="100" branchCoverage="100" crapScore="1" isConstructor="true" isStatic="false" isGetter="false" isSetter="false">
              <Summary numSequencePoints="4" visitedSequencePoints="4" numBranchPoints="1" visitedBranchPoints="1" sequenceCoverage="100" branchCoverage="100" maxCyclomaticComplexity="1" minCyclomaticComplexity="1" maxCrapScore="1" minCrapScore="1" visitedClasses="0" numClasses="0" visitedMethods="1" numMethods="1" />
              <MetadataToken>100663302</MetadataToken>
              <Name>System.Void projectmanager.Service.Tests.Utils.AsyncEnumerator`1::.ctor(System.Collections.Generic.IEnumerator`1&lt;T&gt;)</Name>
              <FileRef uid="2" />
              <SequencePoints>
                <SequencePoint vc="31" uspid="26" ordinal="0" offset="0" sl="14" sc="9" el="14" ec="53" bec="0" bev="0" fileid="2">
                  <TrackedMethodRefs>
                    <TrackedMethodRef uid="7" vc="1" />
                    <TrackedMethodRef uid="8" vc="1" />
                    <TrackedMethodRef uid="6" vc="1" />
                  </TrackedMethodRefs>
                </SequencePoint>
                <SequencePoint vc="31" uspid="27" ordinal="1" offset="7" sl="15" sc="9" el="15" ec="10" bec="0" bev="0" fileid="2">
                  <TrackedMethodRefs>
                    <TrackedMethodRef uid="7" vc="1" />
                    <TrackedMethodRef uid="8" vc="1" />
                    <TrackedMethodRef uid="6" vc="1" />
                  </TrackedMethodRefs>
                </SequencePoint>
                <SequencePoint vc="31" uspid="28" ordinal="2" offset="8" sl="16" sc="13" el="16" ec="28" bec="0" bev="0" fileid="2">
                  <TrackedMethodRefs>
                    <TrackedMethodRef uid="7" vc="1" />
                    <TrackedMethodRef uid="8" vc="1" />
                    <TrackedMethodRef uid="6" vc="1" />
                  </TrackedMethodRefs>
                </SequencePoint>
                <SequencePoint vc="31" uspid="29" ordinal="3" offset="15" sl="17" sc="9" el="17" ec="10" bec="0" bev="0" fileid="2">
                  <TrackedMethodRefs>
                    <TrackedMethodRef uid="7" vc="1" />
                    <TrackedMethodRef uid="8" vc="1" />
                    <TrackedMethodRef uid="6" vc="1" />
                  </TrackedMethodRefs>
                </SequencePoint>
              </SequencePoints>
              <BranchPoints />
              <MethodPoint xsi:type="SequencePoint" vc="31" uspid="26" ordinal="0" offset="0" sl="14" sc="9" el="14" ec="53" bec="0" bev="0" fileid="2">
                <TrackedMethodRefs>
                  <TrackedMethodRef uid="7" vc="1" />
                  <TrackedMethodRef uid="8" vc="1" />
                  <TrackedMethodRef uid="6" vc="1" />
                </TrackedMethodRefs>
              </MethodPoint>
            </Method>
            <Method visited="true" cyclomaticComplexity="1" nPathComplexity="0" sequenceCoverage="100" branchCoverage="100" crapScore="1" isConstructor="false" isStatic="false" isGetter="false" isSetter="false">
              <Summary numSequencePoints="3" visitedSequencePoints="3" numBranchPoints="1" visitedBranchPoints="1" sequenceCoverage="100" branchCoverage="100" maxCyclomaticComplexity="1" minCyclomaticComplexity="1" maxCrapScore="1" minCrapScore="1" visitedClasses="0" numClasses="0" visitedMethods="1" numMethods="1" />
              <MetadataToken>100663303</MetadataToken>
              <Name>System.Void projectmanager.Service.Tests.Utils.AsyncEnumerator`1::Dispose()</Name>
              <FileRef uid="2" />
              <SequencePoints>
                <SequencePoint vc="4" uspid="30" ordinal="0" offset="0" sl="20" sc="9" el="20" ec="10" bec="0" bev="0" fileid="2">
                  <TrackedMethodRefs>
                    <TrackedMethodRef uid="7" vc="1" />
                    <TrackedMethodRef uid="8" vc="1" />
                    <TrackedMethodRef uid="6" vc="1" />
                    <TrackedMethodRef uid="15" vc="1" />
                  </TrackedMethodRefs>
                </SequencePoint>
                <SequencePoint vc="4" uspid="31" ordinal="1" offset="1" sl="21" sc="13" el="21" ec="30" bec="0" bev="0" fileid="2">
                  <TrackedMethodRefs>
                    <TrackedMethodRef uid="7" vc="1" />
                    <TrackedMethodRef uid="8" vc="1" />
                    <TrackedMethodRef uid="6" vc="1" />
                    <TrackedMethodRef uid="15" vc="1" />
                  </TrackedMethodRefs>
                </SequencePoint>
                <SequencePoint vc="4" uspid="32" ordinal="2" offset="13" sl="22" sc="9" el="22" ec="10" bec="0" bev="0" fileid="2">
                  <TrackedMethodRefs>
                    <TrackedMethodRef uid="7" vc="1" />
                    <TrackedMethodRef uid="8" vc="1" />
                    <TrackedMethodRef uid="6" vc="1" />
                    <TrackedMethodRef uid="15" vc="1" />
                  </TrackedMethodRefs>
                </SequencePoint>
              </SequencePoints>
              <BranchPoints />
              <MethodPoint xsi:type="SequencePoint" vc="4" uspid="30" ordinal="0" offset="0" sl="20" sc="9" el="20" ec="10" bec="0" bev="0" fileid="2">
                <TrackedMethodRefs>
                  <TrackedMethodRef uid="7" vc="1" />
                  <TrackedMethodRef uid="8" vc="1" />
                  <TrackedMethodRef uid="6" vc="1" />
                  <TrackedMethodRef uid="15" vc="1" />
                </TrackedMethodRefs>
              </MethodPoint>
            </Method>
            <Method visited="true" cyclomaticComplexity="1" nPathComplexity="0" sequenceCoverage="100" branchCoverage="100" crapScore="1" isConstructor="false" isStatic="false" isGetter="false" isSetter="false">
              <Summary numSequencePoints="3" visitedSequencePoints="3" numBranchPoints="1" visitedBranchPoints="1" sequenceCoverage="100" branchCoverage="100" maxCyclomaticComplexity="1" minCyclomaticComplexity="1" maxCrapScore="1" minCrapScore="1" visitedClasses="0" numClasses="0" visitedMethods="1" numMethods="1" />
              <MetadataToken>100663304</MetadataToken>
              <Name>System.Threading.Tasks.Task`1&lt;System.Boolean&gt; projectmanager.Service.Tests.Utils.AsyncEnumerator`1::MoveNextAsync(System.Threading.CancellationToken)</Name>
              <FileRef uid="2" />
              <SequencePoints>
                <SequencePoint vc="11" uspid="33" ordinal="0" offset="0" sl="25" sc="9" el="25" ec="10" bec="0" bev="0" fileid="2">
                  <TrackedMethodRefs>
                    <TrackedMethodRef uid="7" vc="3" />
                    <TrackedMethodRef uid="8" vc="2" />
                    <TrackedMethodRef uid="6" vc="3" />
                    <TrackedMethodRef uid="15" vc="3" />
                  </TrackedMethodRefs>
                </SequencePoint>
                <SequencePoint vc="11" uspid="34" ordinal="1" offset="1" sl="26" sc="13" el="26" ec="55" bec="0" bev="0" fileid="2">
                  <TrackedMethodRefs>
                    <TrackedMethodRef uid="7" vc="3" />
                    <TrackedMethodRef uid="8" vc="2" />
                    <TrackedMethodRef uid="6" vc="3" />
                    <TrackedMethodRef uid="15" vc="3" />
                  </TrackedMethodRefs>
                </SequencePoint>
                <SequencePoint vc="11" uspid="35" ordinal="2" offset="20" sl="27" sc="9" el="27" ec="10" bec="0" bev="0" fileid="2">
                  <TrackedMethodRefs>
                    <TrackedMethodRef uid="7" vc="3" />
                    <TrackedMethodRef uid="8" vc="2" />
                    <TrackedMethodRef uid="6" vc="3" />
                    <TrackedMethodRef uid="15" vc="3" />
                  </TrackedMethodRefs>
                </SequencePoint>
              </SequencePoints>
              <BranchPoints />
              <MethodPoint xsi:type="SequencePoint" vc="11" uspid="33" ordinal="0" offset="0" sl="25" sc="9" el="25" ec="10" bec="0" bev="0" fileid="2">
                <TrackedMethodRefs>
                  <TrackedMethodRef uid="7" vc="3" />
                  <TrackedMethodRef uid="8" vc="2" />
                  <TrackedMethodRef uid="6" vc="3" />
                  <TrackedMethodRef uid="15" vc="3" />
                </TrackedMethodRefs>
              </MethodPoint>
            </Method>
          </Methods>
        </Class>
        <Class>
          <Summary numSequencePoints="22" visitedSequencePoints="13" numBranchPoints="7" visitedBranchPoints="4" sequenceCoverage="59.09" branchCoverage="57.14" maxCyclomaticComplexity="1" minCyclomaticComplexity="1" maxCrapScore="2" minCrapScore="1" visitedClasses="1" numClasses="1" visitedMethods="4" numMethods="7" />
          <FullName>projectmanager.Service.Tests.Utils.AsyncQueryProvider`1</FullName>
          <Methods>
            <Method visited="true" cyclomaticComplexity="1" nPathComplexity="0" sequenceCoverage="100" branchCoverage="100" crapScore="1" isConstructor="true" isStatic="false" isGetter="false" isSetter="false">
              <Summary numSequencePoints="4" visitedSequencePoints="4" numBranchPoints="1" visitedBranchPoints="1" sequenceCoverage="100" branchCoverage="100" maxCyclomaticComplexity="1" minCyclomaticComplexity="1" maxCrapScore="1" minCrapScore="1" visitedClasses="0" numClasses="0" visitedMethods="1" numMethods="1" />
              <MetadataToken>100663307</MetadataToken>
              <Name>System.Void projectmanager.Service.Tests.Utils.AsyncQueryProvider`1::.ctor(System.Linq.IQueryProvider)</Name>
              <FileRef uid="2" />
              <SequencePoints>
                <SequencePoint vc="52" uspid="36" ordinal="0" offset="0" sl="38" sc="9" el="38" ec="58" bec="0" bev="0" fileid="2">
                  <TrackedMethodRefs>
                    <TrackedMethodRef uid="5" vc="3" />
                    <TrackedMethodRef uid="4" vc="3" />
                    <TrackedMethodRef uid="14" vc="3" />
                    <TrackedMethodRef uid="8" vc="1" />
                    <TrackedMethodRef uid="12" vc="4" />
                    <TrackedMethodRef uid="13" vc="3" />
                    <TrackedMethodRef uid="19" vc="3" />
                    <TrackedMethodRef uid="16" vc="1" />
                    <TrackedMethodRef uid="18" vc="3" />
                  </TrackedMethodRefs>
                </SequencePoint>
                <SequencePoint vc="52" uspid="37" ordinal="1" offset="7" sl="39" sc="9" el="39" ec="10" bec="0" bev="0" fileid="2">
                  <TrackedMethodRefs>
                    <TrackedMethodRef uid="5" vc="3" />
                    <TrackedMethodRef uid="4" vc="3" />
                    <TrackedMethodRef uid="14" vc="3" />
                    <TrackedMethodRef uid="8" vc="1" />
                    <TrackedMethodRef uid="12" vc="4" />
                    <TrackedMethodRef uid="13" vc="3" />
                    <TrackedMethodRef uid="19" vc="3" />
                    <TrackedMethodRef uid="16" vc="1" />
                    <TrackedMethodRef uid="18" vc="3" />
                  </TrackedMethodRefs>
                </SequencePoint>
                <SequencePoint vc="52" uspid="38" ordinal="2" offset="8" sl="40" sc="13" el="40" ec="28" bec="0" bev="0" fileid="2">
                  <TrackedMethodRefs>
                    <TrackedMethodRef uid="5" vc="3" />
                    <TrackedMethodRef uid="4" vc="3" />
                    <TrackedMethodRef uid="14" vc="3" />
                    <TrackedMethodRef uid="8" vc="1" />
                    <TrackedMethodRef uid="12" vc="4" />
                    <TrackedMethodRef uid="13" vc="3" />
                    <TrackedMethodRef uid="19" vc="3" />
                    <TrackedMethodRef uid="16" vc="1" />
                    <TrackedMethodRef uid="18" vc="3" />
                  </TrackedMethodRefs>
                </SequencePoint>
                <SequencePoint vc="52" uspid="39" ordinal="3" offset="15" sl="41" sc="9" el="41" ec="10" bec="0" bev="0" fileid="2">
                  <TrackedMethodRefs>
                    <TrackedMethodRef uid="5" vc="3" />
                    <TrackedMethodRef uid="4" vc="3" />
                    <TrackedMethodRef uid="14" vc="3" />
                    <TrackedMethodRef uid="8" vc="1" />
                    <TrackedMethodRef uid="12" vc="4" />
                    <TrackedMethodRef uid="13" vc="3" />
                    <TrackedMethodRef uid="19" vc="3" />
                    <TrackedMethodRef uid="16" vc="1" />
                    <TrackedMethodRef uid="18" vc="3" />
                  </TrackedMethodRefs>
                </SequencePoint>
              </SequencePoints>
              <BranchPoints />
              <MethodPoint xsi:type="SequencePoint" vc="52" uspid="36" ordinal="0" offset="0" sl="38" sc="9" el="38" ec="58" bec="0" bev="0" fileid="2">
                <TrackedMethodRefs>
                  <TrackedMethodRef uid="5" vc="3" />
                  <TrackedMethodRef uid="4" vc="3" />
                  <TrackedMethodRef uid="14" vc="3" />
                  <TrackedMethodRef uid="8" vc="1" />
                  <TrackedMethodRef uid="12" vc="4" />
                  <TrackedMethodRef uid="13" vc="3" />
                  <TrackedMethodRef uid="19" vc="3" />
                  <TrackedMethodRef uid="16" vc="1" />
                  <TrackedMethodRef uid="18" vc="3" />
                </TrackedMethodRefs>
              </MethodPoint>
            </Method>
            <Method visited="false" cyclomaticComplexity="1" nPathComplexity="0" sequenceCoverage="0" branchCoverage="0" crapScore="2" isConstructor="false" isStatic="false" isGetter="false" isSetter="false">
              <Summary numSequencePoints="3" visitedSequencePoints="0" numBranchPoints="1" visitedBranchPoints="0" sequenceCoverage="0" branchCoverage="0" maxCyclomaticComplexity="1" minCyclomaticComplexity="1" maxCrapScore="2" minCrapScore="2" visitedClasses="0" numClasses="0" visitedMethods="0" numMethods="1" />
              <MetadataToken>100663308</MetadataToken>
              <Name>System.Linq.IQueryable projectmanager.Service.Tests.Utils.AsyncQueryProvider`1::CreateQuery(System.Linq.Expressions.Expression)</Name>
              <FileRef uid="2" />
              <SequencePoints>
                <SequencePoint vc="0" uspid="40" ordinal="0" offset="0" sl="44" sc="9" el="44" ec="10" bec="0" bev="0" fileid="2" />
                <SequencePoint vc="0" uspid="41" ordinal="1" offset="1" sl="45" sc="13" el="45" ec="61" bec="0" bev="0" fileid="2" />
                <SequencePoint vc="0" uspid="42" ordinal="2" offset="10" sl="46" sc="9" el="46" ec="10" bec="0" bev="0" fileid="2" />
              </SequencePoints>
              <BranchPoints />
              <MethodPoint xsi:type="SequencePoint" vc="0" uspid="40" ordinal="0" offset="0" sl="44" sc="9" el="44" ec="10" bec="0" bev="0" fileid="2" />
            </Method>
            <Method visited="true" cyclomaticComplexity="1" nPathComplexity="0" sequenceCoverage="100" branchCoverage="100" crapScore="1" isConstructor="false" isStatic="false" isGetter="false" isSetter="false">
              <Summary numSequencePoints="3" visitedSequencePoints="3" numBranchPoints="1" visitedBranchPoints="1" sequenceCoverage="100" branchCoverage="100" maxCyclomaticComplexity="1" minCyclomaticComplexity="1" maxCrapScore="1" minCrapScore="1" visitedClasses="0" numClasses="0" visitedMethods="1" numMethods="1" />
              <MetadataToken>100663309</MetadataToken>
              <Name>System.Linq.IQueryable`1&lt;TElement&gt; projectmanager.Service.Tests.Utils.AsyncQueryProvider`1::CreateQuery(System.Linq.Expressions.Expression)</Name>
              <FileRef uid="2" />
              <SequencePoints>
                <SequencePoint vc="27" uspid="43" ordinal="0" offset="0" sl="49" sc="9" el="49" ec="10" bec="0" bev="0" fileid="2">
                  <TrackedMethodRefs>
                    <TrackedMethodRef uid="5" vc="3" />
                    <TrackedMethodRef uid="4" vc="3" />
                    <TrackedMethodRef uid="14" vc="3" />
                    <TrackedMethodRef uid="7" vc="1" />
                    <TrackedMethodRef uid="8" vc="2" />
                    <TrackedMethodRef uid="6" vc="1" />
                    <TrackedMethodRef uid="12" vc="4" />
                    <TrackedMethodRef uid="13" vc="3" />
                    <TrackedMethodRef uid="19" vc="3" />
                    <TrackedMethodRef uid="16" vc="1" />
                    <TrackedMethodRef uid="18" vc="3" />
                  </TrackedMethodRefs>
                </SequencePoint>
                <SequencePoint vc="27" uspid="44" ordinal="1" offset="1" sl="50" sc="13" el="50" ec="62" bec="0" bev="0" fileid="2">
                  <TrackedMethodRefs>
                    <TrackedMethodRef uid="5" vc="3" />
                    <TrackedMethodRef uid="4" vc="3" />
                    <TrackedMethodRef uid="14" vc="3" />
                    <TrackedMethodRef uid="7" vc="1" />
                    <TrackedMethodRef uid="8" vc="2" />
                    <TrackedMethodRef uid="6" vc="1" />
                    <TrackedMethodRef uid="12" vc="4" />
                    <TrackedMethodRef uid="13" vc="3" />
                    <TrackedMethodRef uid="19" vc="3" />
                    <TrackedMethodRef uid="16" vc="1" />
                    <TrackedMethodRef uid="18" vc="3" />
                  </TrackedMethodRefs>
                </SequencePoint>
                <SequencePoint vc="27" uspid="45" ordinal="2" offset="10" sl="51" sc="9" el="51" ec="10" bec="0" bev="0" fileid="2">
                  <TrackedMethodRefs>
                    <TrackedMethodRef uid="5" vc="3" />
                    <TrackedMethodRef uid="4" vc="3" />
                    <TrackedMethodRef uid="14" vc="3" />
                    <TrackedMethodRef uid="7" vc="1" />
                    <TrackedMethodRef uid="8" vc="2" />
                    <TrackedMethodRef uid="6" vc="1" />
                    <TrackedMethodRef uid="12" vc="4" />
                    <TrackedMethodRef uid="13" vc="3" />
                    <TrackedMethodRef uid="19" vc="3" />
                    <TrackedMethodRef uid="16" vc="1" />
                    <TrackedMethodRef uid="18" vc="3" />
                  </TrackedMethodRefs>
                </SequencePoint>
              </SequencePoints>
              <BranchPoints />
              <MethodPoint xsi:type="SequencePoint" vc="27" uspid="43" ordinal="0" offset="0" sl="49" sc="9" el="49" ec="10" bec="0" bev="0" fileid="2">
                <TrackedMethodRefs>
                  <TrackedMethodRef uid="5" vc="3" />
                  <TrackedMethodRef uid="4" vc="3" />
                  <TrackedMethodRef uid="14" vc="3" />
                  <TrackedMethodRef uid="7" vc="1" />
                  <TrackedMethodRef uid="8" vc="2" />
                  <TrackedMethodRef uid="6" vc="1" />
                  <TrackedMethodRef uid="12" vc="4" />
                  <TrackedMethodRef uid="13" vc="3" />
                  <TrackedMethodRef uid="19" vc="3" />
                  <TrackedMethodRef uid="16" vc="1" />
                  <TrackedMethodRef uid="18" vc="3" />
                </TrackedMethodRefs>
              </MethodPoint>
            </Method>
            <Method visited="false" cyclomaticComplexity="1" nPathComplexity="0" sequenceCoverage="0" branchCoverage="0" crapScore="2" isConstructor="false" isStatic="false" isGetter="false" isSetter="false">
              <Summary numSequencePoints="3" visitedSequencePoints="0" numBranchPoints="1" visitedBranchPoints="0" sequenceCoverage="0" branchCoverage="0" maxCyclomaticComplexity="1" minCyclomaticComplexity="1" maxCrapScore="2" minCrapScore="2" visitedClasses="0" numClasses="0" visitedMethods="0" numMethods="1" />
              <MetadataToken>100663310</MetadataToken>
              <Name>System.Object projectmanager.Service.Tests.Utils.AsyncQueryProvider`1::Execute(System.Linq.Expressions.Expression)</Name>
              <FileRef uid="2" />
              <SequencePoints>
                <SequencePoint vc="0" uspid="46" ordinal="0" offset="0" sl="54" sc="9" el="54" ec="10" bec="0" bev="0" fileid="2" />
                <SequencePoint vc="0" uspid="47" ordinal="1" offset="1" sl="55" sc="13" el="55" ec="47" bec="0" bev="0" fileid="2" />
                <SequencePoint vc="0" uspid="48" ordinal="2" offset="16" sl="56" sc="9" el="56" ec="10" bec="0" bev="0" fileid="2" />
              </SequencePoints>
              <BranchPoints />
              <MethodPoint xsi:type="SequencePoint" vc="0" uspid="46" ordinal="0" offset="0" sl="54" sc="9" el="54" ec="10" bec="0" bev="0" fileid="2" />
            </Method>
            <Method visited="true" cyclomaticComplexity="1" nPathComplexity="0" sequenceCoverage="100" branchCoverage="100" crapScore="1" isConstructor="false" isStatic="false" isGetter="false" isSetter="false">
              <Summary numSequencePoints="3" visitedSequencePoints="3" numBranchPoints="1" visitedBranchPoints="1" sequenceCoverage="100" branchCoverage="100" maxCyclomaticComplexity="1" minCyclomaticComplexity="1" maxCrapScore="1" minCrapScore="1" visitedClasses="0" numClasses="0" visitedMethods="1" numMethods="1" />
              <MetadataToken>100663311</MetadataToken>
              <Name>TResult projectmanager.Service.Tests.Utils.AsyncQueryProvider`1::Execute(System.Linq.Expressions.Expression)</Name>
              <FileRef uid="2" />
              <SequencePoints>
                <SequencePoint vc="23" uspid="49" ordinal="0" offset="0" sl="59" sc="9" el="59" ec="10" bec="0" bev="0" fileid="2">
                  <TrackedMethodRefs>
                    <TrackedMethodRef uid="5" vc="3" />
                    <TrackedMethodRef uid="3" vc="1" />
                    <TrackedMethodRef uid="4" vc="2" />
                    <TrackedMethodRef uid="14" vc="3" />
                    <TrackedMethodRef uid="10" vc="1" />
                    <TrackedMethodRef uid="11" vc="1" />
                    <TrackedMethodRef uid="12" vc="3" />
                    <TrackedMethodRef uid="13" vc="2" />
                    <TrackedMethodRef uid="19" vc="3" />
                    <TrackedMethodRef uid="16" vc="1" />
                    <TrackedMethodRef uid="17" vc="1" />
                    <TrackedMethodRef uid="18" vc="2" />
                  </TrackedMethodRefs>
                </SequencePoint>
                <SequencePoint vc="23" uspid="50" ordinal="1" offset="1" sl="60" sc="13" el="60" ec="56" bec="0" bev="0" fileid="2">
                  <TrackedMethodRefs>
                    <TrackedMethodRef uid="5" vc="3" />
                    <TrackedMethodRef uid="3" vc="1" />
                    <TrackedMethodRef uid="4" vc="2" />
                    <TrackedMethodRef uid="14" vc="3" />
                    <TrackedMethodRef uid="10" vc="1" />
                    <TrackedMethodRef uid="11" vc="1" />
                    <TrackedMethodRef uid="12" vc="3" />
                    <TrackedMethodRef uid="13" vc="2" />
                    <TrackedMethodRef uid="19" vc="3" />
                    <TrackedMethodRef uid="16" vc="1" />
                    <TrackedMethodRef uid="17" vc="1" />
                    <TrackedMethodRef uid="18" vc="2" />
                  </TrackedMethodRefs>
                </SequencePoint>
                <SequencePoint vc="23" uspid="51" ordinal="2" offset="16" sl="61" sc="9" el="61" ec="10" bec="0" bev="0" fileid="2">
                  <TrackedMethodRefs>
                    <TrackedMethodRef uid="5" vc="3" />
                    <TrackedMethodRef uid="3" vc="1" />
                    <TrackedMethodRef uid="4" vc="2" />
                    <TrackedMethodRef uid="14" vc="3" />
                    <TrackedMethodRef uid="10" vc="1" />
                    <TrackedMethodRef uid="11" vc="1" />
                    <TrackedMethodRef uid="12" vc="3" />
                    <TrackedMethodRef uid="13" vc="2" />
                    <TrackedMethodRef uid="19" vc="3" />
                    <TrackedMethodRef uid="16" vc="1" />
                    <TrackedMethodRef uid="17" vc="1" />
                    <TrackedMethodRef uid="18" vc="2" />
                  </TrackedMethodRefs>
                </SequencePoint>
              </SequencePoints>
              <BranchPoints />
              <MethodPoint xsi:type="SequencePoint" vc="23" uspid="49" ordinal="0" offset="0" sl="59" sc="9" el="59" ec="10" bec="0" bev="0" fileid="2">
                <TrackedMethodRefs>
                  <TrackedMethodRef uid="5" vc="3" />
                  <TrackedMethodRef uid="3" vc="1" />
                  <TrackedMethodRef uid="4" vc="2" />
                  <TrackedMethodRef uid="14" vc="3" />
                  <TrackedMethodRef uid="10" vc="1" />
                  <TrackedMethodRef uid="11" vc="1" />
                  <TrackedMethodRef uid="12" vc="3" />
                  <TrackedMethodRef uid="13" vc="2" />
                  <TrackedMethodRef uid="19" vc="3" />
                  <TrackedMethodRef uid="16" vc="1" />
                  <TrackedMethodRef uid="17" vc="1" />
                  <TrackedMethodRef uid="18" vc="2" />
                </TrackedMethodRefs>
              </MethodPoint>
            </Method>
            <Method visited="false" cyclomaticComplexity="1" nPathComplexity="0" sequenceCoverage="0" branchCoverage="0" crapScore="2" isConstructor="false" isStatic="false" isGetter="false" isSetter="false">
              <Summary numSequencePoints="3" visitedSequencePoints="0" numBranchPoints="1" visitedBranchPoints="0" sequenceCoverage="0" branchCoverage="0" maxCyclomaticComplexity="1" minCyclomaticComplexity="1" maxCrapScore="2" minCrapScore="2" visitedClasses="0" numClasses="0" visitedMethods="0" numMethods="1" />
              <MetadataToken>100663312</MetadataToken>
              <Name>System.Threading.Tasks.Task`1&lt;System.Object&gt; projectmanager.Service.Tests.Utils.AsyncQueryProvider`1::ExecuteAsync(System.Linq.Expressions.Expression,System.Threading.CancellationToken)</Name>
              <FileRef uid="2" />
              <SequencePoints>
                <SequencePoint vc="0" uspid="52" ordinal="0" offset="0" sl="64" sc="9" el="64" ec="10" bec="0" bev="0" fileid="2" />
                <SequencePoint vc="0" uspid="53" ordinal="1" offset="1" sl="65" sc="13" el="65" ec="57" bec="0" bev="0" fileid="2" />
                <SequencePoint vc="0" uspid="54" ordinal="2" offset="16" sl="66" sc="9" el="66" ec="10" bec="0" bev="0" fileid="2" />
              </SequencePoints>
              <BranchPoints />
              <MethodPoint xsi:type="SequencePoint" vc="0" uspid="52" ordinal="0" offset="0" sl="64" sc="9" el="64" ec="10" bec="0" bev="0" fileid="2" />
            </Method>
            <Method visited="true" cyclomaticComplexity="1" nPathComplexity="0" sequenceCoverage="100" branchCoverage="100" crapScore="1" isConstructor="false" isStatic="false" isGetter="false" isSetter="false">
              <Summary numSequencePoints="3" visitedSequencePoints="3" numBranchPoints="1" visitedBranchPoints="1" sequenceCoverage="100" branchCoverage="100" maxCyclomaticComplexity="1" minCyclomaticComplexity="1" maxCrapScore="1" minCrapScore="1" visitedClasses="0" numClasses="0" visitedMethods="1" numMethods="1" />
              <MetadataToken>100663313</MetadataToken>
              <Name>System.Threading.Tasks.Task`1&lt;TResult&gt; projectmanager.Service.Tests.Utils.AsyncQueryProvider`1::ExecuteAsync(System.Linq.Expressions.Expression,System.Threading.CancellationToken)</Name>
              <FileRef uid="2" />
              <SequencePoints>
                <SequencePoint vc="1" uspid="55" ordinal="0" offset="0" sl="69" sc="9" el="69" ec="10" bec="0" bev="0" fileid="2">
                  <TrackedMethodRefs>
                    <TrackedMethodRef uid="16" vc="1" />
                  </TrackedMethodRefs>
                </SequencePoint>
                <SequencePoint vc="1" uspid="56" ordinal="1" offset="1" sl="70" sc="13" el="70" ec="66" bec="0" bev="0" fileid="2">
                  <TrackedMethodRefs>
                    <TrackedMethodRef uid="16" vc="1" />
                  </TrackedMethodRefs>
                </SequencePoint>
                <SequencePoint vc="1" uspid="57" ordinal="2" offset="16" sl="71" sc="9" el="71" ec="10" bec="0" bev="0" fileid="2">
                  <TrackedMethodRefs>
                    <TrackedMethodRef uid="16" vc="1" />
                  </TrackedMethodRefs>
                </SequencePoint>
              </SequencePoints>
              <BranchPoints />
              <MethodPoint xsi:type="SequencePoint" vc="1" uspid="55" ordinal="0" offset="0" sl="69" sc="9" el="69" ec="10" bec="0" bev="0" fileid="2">
                <TrackedMethodRefs>
                  <TrackedMethodRef uid="16" vc="1" />
                </TrackedMethodRefs>
              </MethodPoint>
            </Method>
          </Methods>
        </Class>
        <Class>
          <Summary numSequencePoints="13" visitedSequencePoints="7" numBranchPoints="5" visitedBranchPoints="3" sequenceCoverage="53.85" branchCoverage="60" maxCyclomaticComplexity="1" minCyclomaticComplexity="1" maxCrapScore="2" minCrapScore="1" visitedClasses="1" numClasses="1" visitedMethods="3" numMethods="5" />
          <FullName>projectmanager.Service.Tests.Utils.AsyncEnumerable`1</FullName>
          <Methods>
            <Method visited="true" cyclomaticComplexity="1" nPathComplexity="0" sequenceCoverage="100" branchCoverage="100" crapScore="1" isConstructor="false" isStatic="false" isGetter="true" isSetter="false">
              <Summary numSequencePoints="1" visitedSequencePoints="1" numBranchPoints="1" visitedBranchPoints="1" sequenceCoverage="100" branchCoverage="100" maxCyclomaticComplexity="1" minCyclomaticComplexity="1" maxCrapScore="1" minCrapScore="1" visitedClasses="0" numClasses="0" visitedMethods="1" numMethods="1" />
              <MetadataToken>100663318</MetadataToken>
              <Name>System.Linq.IQueryProvider projectmanager.Service.Tests.Utils.AsyncEnumerable`1::System.Linq.IQueryable.get_Provider()</Name>
              <FileRef uid="2" />
              <SequencePoints>
                <SequencePoint vc="24" uspid="58" ordinal="0" offset="0" sl="94" sc="47" el="94" ec="78" bec="0" bev="0" fileid="2">
                  <TrackedMethodRefs>
                    <TrackedMethodRef uid="5" vc="3" />
                    <TrackedMethodRef uid="4" vc="3" />
                    <TrackedMethodRef uid="14" vc="3" />
                    <TrackedMethodRef uid="8" vc="1" />
                    <TrackedMethodRef uid="12" vc="4" />
                    <TrackedMethodRef uid="13" vc="3" />
                    <TrackedMethodRef uid="19" vc="3" />
                    <TrackedMethodRef uid="16" vc="1" />
                    <TrackedMethodRef uid="18" vc="3" />
                  </TrackedMethodRefs>
                </SequencePoint>
              </SequencePoints>
              <BranchPoints />
              <MethodPoint xsi:type="SequencePoint" vc="24" uspid="58" ordinal="0" offset="0" sl="94" sc="47" el="94" ec="78" bec="0" bev="0" fileid="2">
                <TrackedMethodRefs>
                  <TrackedMethodRef uid="5" vc="3" />
                  <TrackedMethodRef uid="4" vc="3" />
                  <TrackedMethodRef uid="14" vc="3" />
                  <TrackedMethodRef uid="8" vc="1" />
                  <TrackedMethodRef uid="12" vc="4" />
                  <TrackedMethodRef uid="13" vc="3" />
                  <TrackedMethodRef uid="19" vc="3" />
                  <TrackedMethodRef uid="16" vc="1" />
                  <TrackedMethodRef uid="18" vc="3" />
                </TrackedMethodRefs>
              </MethodPoint>
            </Method>
            <Method visited="false" cyclomaticComplexity="1" nPathComplexity="0" sequenceCoverage="0" branchCoverage="0" crapScore="2" isConstructor="true" isStatic="false" isGetter="false" isSetter="false">
              <Summary numSequencePoints="3" visitedSequencePoints="0" numBranchPoints="1" visitedBranchPoints="0" sequenceCoverage="0" branchCoverage="0" maxCyclomaticComplexity="1" minCyclomaticComplexity="1" maxCrapScore="2" minCrapScore="2" visitedClasses="0" numClasses="0" visitedMethods="0" numMethods="1" />
              <MetadataToken>100663314</MetadataToken>
              <Name>System.Void projectmanager.Service.Tests.Utils.AsyncEnumerable`1::.ctor(System.Collections.Generic.IEnumerable`1&lt;T&gt;)</Name>
              <FileRef uid="2" />
              <SequencePoints>
                <SequencePoint vc="0" uspid="59" ordinal="0" offset="0" sl="77" sc="15" el="77" ec="31" bec="0" bev="0" fileid="2" />
                <SequencePoint vc="0" uspid="60" ordinal="1" offset="8" sl="78" sc="9" el="78" ec="10" bec="0" bev="0" fileid="2" />
                <SequencePoint vc="0" uspid="61" ordinal="2" offset="9" sl="78" sc="11" el="78" ec="12" bec="0" bev="0" fileid="2" />
              </SequencePoints>
              <BranchPoints />
              <MethodPoint xsi:type="SequencePoint" vc="0" uspid="59" ordinal="0" offset="0" sl="77" sc="15" el="77" ec="31" bec="0" bev="0" fileid="2" />
            </Method>
            <Method visited="true" cyclomaticComplexity="1" nPathComplexity="0" sequenceCoverage="100" branchCoverage="100" crapScore="1" isConstructor="true" isStatic="false" isGetter="false" isSetter="false">
              <Summary numSequencePoints="3" visitedSequencePoints="3" numBranchPoints="1" visitedBranchPoints="1" sequenceCoverage="100" branchCoverage="100" maxCyclomaticComplexity="1" minCyclomaticComplexity="1" maxCrapScore="1" minCrapScore="1" visitedClasses="0" numClasses="0" visitedMethods="1" numMethods="1" />
              <MetadataToken>100663315</MetadataToken>
              <Name>System.Void projectmanager.Service.Tests.Utils.AsyncEnumerable`1::.ctor(System.Linq.Expressions.Expression)</Name>
              <FileRef uid="2" />
              <SequencePoints>
                <SequencePoint vc="27" uspid="62" ordinal="0" offset="0" sl="81" sc="15" el="81" ec="31" bec="0" bev="0" fileid="2">
                  <TrackedMethodRefs>
                    <TrackedMethodRef uid="5" vc="3" />
                    <TrackedMethodRef uid="4" vc="3" />
                    <TrackedMethodRef uid="14" vc="3" />
                    <TrackedMethodRef uid="7" vc="1" />
                    <TrackedMethodRef uid="8" vc="2" />
                    <TrackedMethodRef uid="6" vc="1" />
                    <TrackedMethodRef uid="12" vc="4" />
                    <TrackedMethodRef uid="13" vc="3" />
                    <TrackedMethodRef uid="19" vc="3" />
                    <TrackedMethodRef uid="16" vc="1" />
                    <TrackedMethodRef uid="18" vc="3" />
                  </TrackedMethodRefs>
                </SequencePoint>
                <SequencePoint vc="27" uspid="63" ordinal="1" offset="8" sl="82" sc="9" el="82" ec="10" bec="0" bev="0" fileid="2">
                  <TrackedMethodRefs>
                    <TrackedMethodRef uid="5" vc="3" />
                    <TrackedMethodRef uid="4" vc="3" />
                    <TrackedMethodRef uid="14" vc="3" />
                    <TrackedMethodRef uid="7" vc="1" />
                    <TrackedMethodRef uid="8" vc="2" />
                    <TrackedMethodRef uid="6" vc="1" />
                    <TrackedMethodRef uid="12" vc="4" />
                    <TrackedMethodRef uid="13" vc="3" />
                    <TrackedMethodRef uid="19" vc="3" />
                    <TrackedMethodRef uid="16" vc="1" />
                    <TrackedMethodRef uid="18" vc="3" />
                  </TrackedMethodRefs>
                </SequencePoint>
                <SequencePoint vc="27" uspid="64" ordinal="2" offset="9" sl="82" sc="11" el="82" ec="12" bec="0" bev="0" fileid="2">
                  <TrackedMethodRefs>
                    <TrackedMethodRef uid="5" vc="3" />
                    <TrackedMethodRef uid="4" vc="3" />
                    <TrackedMethodRef uid="14" vc="3" />
                    <TrackedMethodRef uid="7" vc="1" />
                    <TrackedMethodRef uid="8" vc="2" />
                    <TrackedMethodRef uid="6" vc="1" />
                    <TrackedMethodRef uid="12" vc="4" />
                    <TrackedMethodRef uid="13" vc="3" />
                    <TrackedMethodRef uid="19" vc="3" />
                    <TrackedMethodRef uid="16" vc="1" />
                    <TrackedMethodRef uid="18" vc="3" />
                  </TrackedMethodRefs>
                </SequencePoint>
              </SequencePoints>
              <BranchPoints />
              <MethodPoint xsi:type="SequencePoint" vc="27" uspid="62" ordinal="0" offset="0" sl="81" sc="15" el="81" ec="31" bec="0" bev="0" fileid="2">
                <TrackedMethodRefs>
                  <TrackedMethodRef uid="5" vc="3" />
                  <TrackedMethodRef uid="4" vc="3" />
                  <TrackedMethodRef uid="14" vc="3" />
                  <TrackedMethodRef uid="7" vc="1" />
                  <TrackedMethodRef uid="8" vc="2" />
                  <TrackedMethodRef uid="6" vc="1" />
                  <TrackedMethodRef uid="12" vc="4" />
                  <TrackedMethodRef uid="13" vc="3" />
                  <TrackedMethodRef uid="19" vc="3" />
                  <TrackedMethodRef uid="16" vc="1" />
                  <TrackedMethodRef uid="18" vc="3" />
                </TrackedMethodRefs>
              </MethodPoint>
            </Method>
            <Method visited="true" cyclomaticComplexity="1" nPathComplexity="0" sequenceCoverage="100" branchCoverage="100" crapScore="1" isConstructor="false" isStatic="false" isGetter="false" isSetter="false">
              <Summary numSequencePoints="3" visitedSequencePoints="3" numBranchPoints="1" visitedBranchPoints="1" sequenceCoverage="100" branchCoverage="100" maxCyclomaticComplexity="1" minCyclomaticComplexity="1" maxCrapScore="1" minCrapScore="1" visitedClasses="0" numClasses="0" visitedMethods="1" numMethods="1" />
              <MetadataToken>100663316</MetadataToken>
              <Name>System.Data.Entity.Infrastructure.IDbAsyncEnumerator`1&lt;T&gt; projectmanager.Service.Tests.Utils.AsyncEnumerable`1::GetAsyncEnumerator()</Name>
              <FileRef uid="2" />
              <SequencePoints>
                <SequencePoint vc="3" uspid="65" ordinal="0" offset="0" sl="85" sc="9" el="85" ec="10" bec="0" bev="0" fileid="2">
                  <TrackedMethodRefs>
                    <TrackedMethodRef uid="7" vc="1" />
                    <TrackedMethodRef uid="8" vc="1" />
                    <TrackedMethodRef uid="6" vc="1" />
                  </TrackedMethodRefs>
                </SequencePoint>
                <SequencePoint vc="3" uspid="66" ordinal="1" offset="1" sl="86" sc="13" el="86" ec="80" bec="0" bev="0" fileid="2">
                  <TrackedMethodRefs>
                    <TrackedMethodRef uid="7" vc="1" />
                    <TrackedMethodRef uid="8" vc="1" />
                    <TrackedMethodRef uid="6" vc="1" />
                  </TrackedMethodRefs>
                </SequencePoint>
                <SequencePoint vc="3" uspid="67" ordinal="2" offset="20" sl="87" sc="9" el="87" ec="10" bec="0" bev="0" fileid="2">
                  <TrackedMethodRefs>
                    <TrackedMethodRef uid="7" vc="1" />
                    <TrackedMethodRef uid="8" vc="1" />
                    <TrackedMethodRef uid="6" vc="1" />
                  </TrackedMethodRefs>
                </SequencePoint>
              </SequencePoints>
              <BranchPoints />
              <MethodPoint xsi:type="SequencePoint" vc="3" uspid="65" ordinal="0" offset="0" sl="85" sc="9" el="85" ec="10" bec="0" bev="0" fileid="2">
                <TrackedMethodRefs>
                  <TrackedMethodRef uid="7" vc="1" />
                  <TrackedMethodRef uid="8" vc="1" />
                  <TrackedMethodRef uid="6" vc="1" />
                </TrackedMethodRefs>
              </MethodPoint>
            </Method>
            <Method visited="false" cyclomaticComplexity="1" nPathComplexity="0" sequenceCoverage="0" branchCoverage="0" crapScore="2" isConstructor="false" isStatic="false" isGetter="false" isSetter="false">
              <Summary numSequencePoints="3" visitedSequencePoints="0" numBranchPoints="1" visitedBranchPoints="0" sequenceCoverage="0" branchCoverage="0" maxCyclomaticComplexity="1" minCyclomaticComplexity="1" maxCrapScore="2" minCrapScore="2" visitedClasses="0" numClasses="0" visitedMethods="0" numMethods="1" />
              <MetadataToken>100663317</MetadataToken>
              <Name>System.Data.Entity.Infrastructure.IDbAsyncEnumerator projectmanager.Service.Tests.Utils.AsyncEnumerable`1::System.Data.Entity.Infrastructure.IDbAsyncEnumerable.GetAsyncEnumerator()</Name>
              <FileRef uid="2" />
              <SequencePoints>
                <SequencePoint vc="0" uspid="68" ordinal="0" offset="0" sl="90" sc="9" el="90" ec="10" bec="0" bev="0" fileid="2" />
                <SequencePoint vc="0" uspid="69" ordinal="1" offset="1" sl="91" sc="13" el="91" ec="41" bec="0" bev="0" fileid="2" />
                <SequencePoint vc="0" uspid="70" ordinal="2" offset="10" sl="92" sc="9" el="92" ec="10" bec="0" bev="0" fileid="2" />
              </SequencePoints>
              <BranchPoints />
              <MethodPoint xsi:type="SequencePoint" vc="0" uspid="68" ordinal="0" offset="0" sl="90" sc="9" el="90" ec="10" bec="0" bev="0" fileid="2" />
            </Method>
          </Methods>
        </Class>
        <Class>
          <Summary numSequencePoints="69" visitedSequencePoints="45" numBranchPoints="6" visitedBranchPoints="4" sequenceCoverage="65.22" branchCoverage="66.67" maxCyclomaticComplexity="2" minCyclomaticComplexity="1" maxCrapScore="6" minCrapScore="1" visitedClasses="1" numClasses="1" visitedMethods="4" numMethods="6" />
          <FullName>projectmanager.Service.Tests.Repository.TasksBaseTest</FullName>
          <Methods>
            <Method visited="true" cyclomaticComplexity="1" nPathComplexity="0" sequenceCoverage="100" branchCoverage="100" crapScore="1" isConstructor="true" isStatic="false" isGetter="false" isSetter="false">
              <Summary numSequencePoints="7" visitedSequencePoints="7" numBranchPoints="1" visitedBranchPoints="1" sequenceCoverage="100" branchCoverage="100" maxCyclomaticComplexity="1" minCyclomaticComplexity="1" maxCrapScore="1" minCrapScore="1" visitedClasses="0" numClasses="0" visitedMethods="1" numMethods="1" />
              <MetadataToken>100663319</MetadataToken>
              <Name>System.Void projectmanager.Service.Tests.Repository.TasksBaseTest::.ctor()</Name>
              <FileRef uid="5" />
              <SequencePoints>
                <SequencePoint vc="1" uspid="71" ordinal="0" offset="0" sl="29" sc="9" el="29" ec="31" bec="0" bev="0" fileid="5" />
                <SequencePoint vc="1" uspid="72" ordinal="1" offset="7" sl="30" sc="9" el="30" ec="10" bec="0" bev="0" fileid="5" />
                <SequencePoint vc="1" uspid="73" ordinal="2" offset="8" sl="31" sc="13" el="31" ec="48" bec="0" bev="0" fileid="5" />
                <SequencePoint vc="1" uspid="74" ordinal="3" offset="19" sl="32" sc="13" el="32" ec="63" bec="0" bev="0" fileid="5" />
                <SequencePoint vc="1" uspid="75" ordinal="4" offset="30" sl="33" sc="13" el="33" ec="48" bec="0" bev="0" fileid="5" />
                <SequencePoint vc="1" uspid="76" ordinal="5" offset="41" sl="35" sc="13" el="35" ec="71" bec="0" bev="0" fileid="5" />
                <SequencePoint vc="1" uspid="77" ordinal="6" offset="63" sl="37" sc="9" el="37" ec="10" bec="0" bev="0" fileid="5" />
              </SequencePoints>
              <BranchPoints />
              <MethodPoint xsi:type="SequencePoint" vc="1" uspid="71" ordinal="0" offset="0" sl="29" sc="9" el="29" ec="31" bec="0" bev="0" fileid="5" />
            </Method>
            <Method visited="false" cyclomaticComplexity="2" nPathComplexity="0" sequenceCoverage="0" branchCoverage="0" crapScore="6" isConstructor="false" isStatic="false" isGetter="false" isSetter="false">
              <Summary numSequencePoints="22" visitedSequencePoints="0" numBranchPoints="1" visitedBranchPoints="0" sequenceCoverage="0" branchCoverage="0" maxCyclomaticComplexity="2" minCyclomaticComplexity="2" maxCrapScore="6" minCrapScore="6" visitedClasses="0" numClasses="0" visitedMethods="0" numMethods="1" />
              <MetadataToken>100663320</MetadataToken>
              <Name>System.Void projectmanager.Service.Tests.Repository.TasksBaseTest::Setup(NBench.BenchmarkContext)</Name>
              <FileRef uid="5" />
              <SequencePoints>
                <SequencePoint vc="0" uspid="78" ordinal="0" offset="6" sl="41" sc="9" el="41" ec="10" bec="0" bev="0" fileid="5" />
                <SequencePoint vc="0" uspid="79" ordinal="1" offset="7" sl="42" sc="13" el="42" ec="58" bec="0" bev="0" fileid="5" />
                <SequencePoint vc="0" uspid="80" ordinal="2" offset="24" sl="43" sc="13" el="47" ec="15" bec="0" bev="0" fileid="5" />
                <SequencePoint vc="0" uspid="81" ordinal="3" offset="51" sl="48" sc="13" el="55" ec="15" bec="0" bev="0" fileid="5" />
                <SequencePoint vc="0" uspid="82" ordinal="4" offset="101" sl="56" sc="13" el="79" ec="15" bec="0" bev="0" fileid="5" />
                <SequencePoint vc="0" uspid="83" ordinal="5" offset="433" sl="80" sc="13" el="80" ec="49" bec="0" bev="0" fileid="5" />
                <SequencePoint vc="0" uspid="84" ordinal="6" offset="445" sl="82" sc="13" el="82" ec="43" bec="0" bev="0" fileid="5" />
                <SequencePoint vc="0" uspid="85" ordinal="7" offset="456" sl="84" sc="13" el="84" ec="100" bec="0" bev="0" fileid="5" />
                <SequencePoint vc="0" uspid="86" ordinal="8" offset="544" sl="85" sc="13" el="85" ec="102" bec="0" bev="0" fileid="5" />
                <SequencePoint vc="0" uspid="87" ordinal="9" offset="632" sl="86" sc="13" el="86" ec="108" bec="0" bev="0" fileid="5" />
                <SequencePoint vc="0" uspid="88" ordinal="10" offset="738" sl="88" sc="13" el="88" ec="96" bec="0" bev="0" fileid="5" />
                <SequencePoint vc="0" uspid="89" ordinal="11" offset="826" sl="89" sc="13" el="89" ec="111" bec="0" bev="0" fileid="5" />
                <SequencePoint vc="0" uspid="90" ordinal="12" offset="925" sl="90" sc="13" el="90" ec="127" bec="0" bev="0" fileid="5" />
                <SequencePoint vc="0" uspid="91" ordinal="13" offset="1018" sl="91" sc="13" el="91" ec="151" bec="0" bev="0" fileid="5" />
                <SequencePoint vc="0" uspid="92" ordinal="14" offset="1122" sl="93" sc="13" el="93" ec="116" bec="0" bev="0" fileid="5" />
                <SequencePoint vc="0" uspid="93" ordinal="15" offset="1241" sl="95" sc="13" el="95" ec="100" bec="0" bev="0" fileid="5" />
                <SequencePoint vc="0" uspid="94" ordinal="16" offset="1371" sl="96" sc="13" el="96" ec="106" bec="0" bev="0" fileid="5" />
                <SequencePoint vc="0" uspid="95" ordinal="17" offset="1501" sl="97" sc="13" el="97" ec="81" bec="0" bev="0" fileid="5" />
                <SequencePoint vc="0" uspid="96" ordinal="18" offset="1623" sl="98" sc="13" el="98" ec="76" bec="0" bev="0" fileid="5" />
                <SequencePoint vc="0" uspid="97" ordinal="19" offset="1745" sl="100" sc="13" el="100" ec="69" bec="0" bev="0" fileid="5" />
                <SequencePoint vc="0" uspid="98" ordinal="20" offset="1833" sl="101" sc="13" el="101" ec="31" bec="0" bev="0" fileid="5" />
                <SequencePoint vc="0" uspid="99" ordinal="21" offset="1840" sl="102" sc="9" el="102" ec="10" bec="0" bev="0" fileid="5" />
              </SequencePoints>
              <BranchPoints />
              <MethodPoint vc="0" uspid="102" ordinal="0" offset="0" />
            </Method>
            <Method visited="true" cyclomaticComplexity="2" nPathComplexity="0" sequenceCoverage="100" branchCoverage="100" crapScore="2" isConstructor="false" isStatic="false" isGetter="false" isSetter="false">
              <Summary numSequencePoints="19" visitedSequencePoints="19" numBranchPoints="1" visitedBranchPoints="1" sequenceCoverage="100" branchCoverage="100" maxCyclomaticComplexity="2" minCyclomaticComplexity="2" maxCrapScore="2" minCrapScore="2" visitedClasses="0" numClasses="0" visitedMethods="1" numMethods="1" />
              <MetadataToken>100663321</MetadataToken>
              <Name>System.Void projectmanager.Service.Tests.Repository.TasksBaseTest::Setup()</Name>
              <FileRef uid="5" />
              <SequencePoints>
                <SequencePoint vc="9" uspid="103" ordinal="0" offset="6" sl="105" sc="9" el="105" ec="10" bec="0" bev="0" fileid="5" />
                <SequencePoint vc="9" uspid="104" ordinal="1" offset="7" sl="106" sc="13" el="110" ec="15" bec="0" bev="0" fileid="5" />
                <SequencePoint vc="9" uspid="105" ordinal="2" offset="34" sl="111" sc="13" el="134" ec="15" bec="0" bev="0" fileid="5" />
                <SequencePoint vc="9" uspid="106" ordinal="3" offset="366" sl="135" sc="13" el="135" ec="49" bec="0" bev="0" fileid="5" />
                <SequencePoint vc="9" uspid="107" ordinal="4" offset="378" sl="137" sc="13" el="137" ec="43" bec="0" bev="0" fileid="5" />
                <SequencePoint vc="9" uspid="108" ordinal="5" offset="389" sl="139" sc="13" el="139" ec="100" bec="0" bev="0" fileid="5" />
                <SequencePoint vc="9" uspid="109" ordinal="6" offset="474" sl="140" sc="10" el="140" ec="99" bec="0" bev="0" fileid="5" />
                <SequencePoint vc="9" uspid="110" ordinal="7" offset="559" sl="141" sc="10" el="141" ec="105" bec="0" bev="0" fileid="5" />
                <SequencePoint vc="9" uspid="111" ordinal="8" offset="662" sl="143" sc="10" el="143" ec="93" bec="0" bev="0" fileid="5" />
                <SequencePoint vc="9" uspid="112" ordinal="9" offset="747" sl="144" sc="10" el="144" ec="108" bec="0" bev="0" fileid="5" />
                <SequencePoint vc="9" uspid="113" ordinal="10" offset="843" sl="145" sc="13" el="145" ec="127" bec="0" bev="0" fileid="5" />
                <SequencePoint vc="9" uspid="114" ordinal="11" offset="933" sl="146" sc="13" el="146" ec="151" bec="0" bev="0" fileid="5" />
                <SequencePoint vc="9" uspid="115" ordinal="12" offset="1034" sl="147" sc="13" el="147" ec="116" bec="0" bev="0" fileid="5" />
                <SequencePoint vc="9" uspid="116" ordinal="13" offset="1150" sl="148" sc="13" el="148" ec="81" bec="0" bev="0" fileid="5" />
                <SequencePoint vc="9" uspid="117" ordinal="14" offset="1269" sl="150" sc="13" el="150" ec="100" bec="0" bev="0" fileid="5" />
                <SequencePoint vc="9" uspid="118" ordinal="15" offset="1396" sl="151" sc="10" el="151" ec="103" bec="0" bev="0" fileid="5" />
                <SequencePoint vc="9" uspid="119" ordinal="16" offset="1523" sl="154" sc="10" el="154" ec="66" bec="0" bev="0" fileid="5" />
                <SequencePoint vc="9" uspid="120" ordinal="17" offset="1608" sl="155" sc="13" el="155" ec="31" bec="0" bev="0" fileid="5" />
                <SequencePoint vc="9" uspid="121" ordinal="18" offset="1615" sl="158" sc="9" el="158" ec="10" bec="0" bev="0" fileid="5" />
              </SequencePoints>
              <BranchPoints />
              <MethodPoint vc="9" uspid="124" ordinal="0" offset="0" />
            </Method>
            <Method visited="true" cyclomaticComplexity="2" nPathComplexity="0" sequenceCoverage="100" branchCoverage="100" crapScore="2" isConstructor="false" isStatic="false" isGetter="false" isSetter="false">
              <Summary numSequencePoints="16" visitedSequencePoints="16" numBranchPoints="1" visitedBranchPoints="1" sequenceCoverage="100" branchCoverage="100" maxCyclomaticComplexity="2" minCyclomaticComplexity="2" maxCrapScore="2" minCrapScore="2" visitedClasses="0" numClasses="0" visitedMethods="1" numMethods="1" />
              <MetadataToken>100663322</MetadataToken>
              <Name>System.Void projectmanager.Service.Tests.Repository.TasksBaseTest::setupParenttask()</Name>
              <FileRef uid="5" />
              <SequencePoints>
                <SequencePoint vc="9" uspid="125" ordinal="0" offset="6" sl="160" sc="39" el="160" ec="40" bec="0" bev="0" fileid="5" />
                <SequencePoint vc="9" uspid="126" ordinal="1" offset="7" sl="162" sc="13" el="169" ec="15" bec="0" bev="0" fileid="5" />
                <SequencePoint vc="9" uspid="127" ordinal="2" offset="84" sl="170" sc="13" el="170" ec="54" bec="0" bev="0" fileid="5" />
                <SequencePoint vc="9" uspid="128" ordinal="3" offset="96" sl="172" sc="13" el="172" ec="44" bec="0" bev="0" fileid="5" />
                <SequencePoint vc="9" uspid="129" ordinal="4" offset="107" sl="174" sc="13" el="174" ec="115" bec="0" bev="0" fileid="5" />
                <SequencePoint vc="9" uspid="130" ordinal="5" offset="192" sl="175" sc="13" el="175" ec="117" bec="0" bev="0" fileid="5" />
                <SequencePoint vc="9" uspid="131" ordinal="6" offset="277" sl="176" sc="13" el="176" ec="123" bec="0" bev="0" fileid="5" />
                <SequencePoint vc="9" uspid="132" ordinal="7" offset="380" sl="178" sc="13" el="178" ec="111" bec="0" bev="0" fileid="5" />
                <SequencePoint vc="9" uspid="133" ordinal="8" offset="465" sl="179" sc="13" el="179" ec="126" bec="0" bev="0" fileid="5" />
                <SequencePoint vc="9" uspid="134" ordinal="9" offset="561" sl="180" sc="13" el="180" ec="147" bec="0" bev="0" fileid="5" />
                <SequencePoint vc="9" uspid="135" ordinal="10" offset="651" sl="181" sc="13" el="181" ec="171" bec="0" bev="0" fileid="5" />
                <SequencePoint vc="9" uspid="136" ordinal="11" offset="752" sl="182" sc="13" el="182" ec="116" bec="0" bev="0" fileid="5" />
                <SequencePoint vc="9" uspid="137" ordinal="12" offset="868" sl="184" sc="13" el="184" ec="129" bec="0" bev="0" fileid="5" />
                <SequencePoint vc="9" uspid="138" ordinal="13" offset="995" sl="185" sc="13" el="185" ec="135" bec="0" bev="0" fileid="5" />
                <SequencePoint vc="9" uspid="139" ordinal="14" offset="1122" sl="188" sc="13" el="188" ec="84" bec="0" bev="0" fileid="5" />
                <SequencePoint vc="9" uspid="140" ordinal="15" offset="1207" sl="190" sc="9" el="190" ec="10" bec="0" bev="0" fileid="5" />
              </SequencePoints>
              <BranchPoints />
              <MethodPoint vc="9" uspid="143" ordinal="0" offset="0" />
            </Method>
            <Method visited="true" cyclomaticComplexity="1" nPathComplexity="0" sequenceCoverage="100" branchCoverage="100" crapScore="1" isConstructor="false" isStatic="false" isGetter="false" isSetter="false">
              <Summary numSequencePoints="3" visitedSequencePoints="3" numBranchPoints="1" visitedBranchPoints="1" sequenceCoverage="100" branchCoverage="100" maxCyclomaticComplexity="1" minCyclomaticComplexity="1" maxCrapScore="1" minCrapScore="1" visitedClasses="0" numClasses="0" visitedMethods="1" numMethods="1" />
              <MetadataToken>100663323</MetadataToken>
              <Name>System.Void projectmanager.Service.Tests.Repository.TasksBaseTest::TearDown()</Name>
              <FileRef uid="5" />
              <SequencePoints>
                <SequencePoint vc="1" uspid="144" ordinal="0" offset="0" sl="194" sc="9" el="194" ec="10" bec="0" bev="0" fileid="5" />
                <SequencePoint vc="1" uspid="145" ordinal="1" offset="1" sl="195" sc="13" el="195" ec="28" bec="0" bev="0" fileid="5" />
                <SequencePoint vc="1" uspid="146" ordinal="2" offset="7" sl="196" sc="9" el="196" ec="10" bec="0" bev="0" fileid="5" />
              </SequencePoints>
              <BranchPoints />
              <MethodPoint xsi:type="SequencePoint" vc="1" uspid="144" ordinal="0" offset="0" sl="194" sc="9" el="194" ec="10" bec="0" bev="0" fileid="5" />
            </Method>
            <Method visited="false" cyclomaticComplexity="1" nPathComplexity="0" sequenceCoverage="0" branchCoverage="0" crapScore="2" isConstructor="false" isStatic="false" isGetter="false" isSetter="false">
              <Summary numSequencePoints="2" visitedSequencePoints="0" numBranchPoints="1" visitedBranchPoints="0" sequenceCoverage="0" branchCoverage="0" maxCyclomaticComplexity="1" minCyclomaticComplexity="1" maxCrapScore="2" minCrapScore="2" visitedClasses="0" numClasses="0" visitedMethods="0" numMethods="1" />
              <MetadataToken>100663324</MetadataToken>
              <Name>System.Void projectmanager.Service.Tests.Repository.TasksBaseTest::Cleanup()</Name>
              <FileRef uid="5" />
              <SequencePoints>
                <SequencePoint vc="0" uspid="147" ordinal="0" offset="0" sl="200" sc="9" el="200" ec="10" bec="0" bev="0" fileid="5" />
                <SequencePoint vc="0" uspid="148" ordinal="1" offset="1" sl="202" sc="9" el="202" ec="10" bec="0" bev="0" fileid="5" />
              </SequencePoints>
              <BranchPoints />
              <MethodPoint xsi:type="SequencePoint" vc="0" uspid="147" ordinal="0" offset="0" sl="200" sc="9" el="200" ec="10" bec="0" bev="0" fileid="5" />
            </Method>
          </Methods>
        </Class>
        <Class>
          <Summary numSequencePoints="2" visitedSequencePoints="0" numBranchPoints="2" visitedBranchPoints="0" sequenceCoverage="0" branchCoverage="0" maxCyclomaticComplexity="1" minCyclomaticComplexity="1" maxCrapScore="2" minCrapScore="2" visitedClasses="0" numClasses="1" visitedMethods="0" numMethods="2" />
          <FullName>projectmanager.Service.Tests.Repository.TasksBaseTest/&lt;&gt;c__DisplayClass8_0</FullName>
          <Methods>
            <Method visited="false" cyclomaticComplexity="1" nPathComplexity="0" sequenceCoverage="0" branchCoverage="0" crapScore="2" isConstructor="true" isStatic="false" isGetter="false" isSetter="false">
              <Summary numSequencePoints="0" visitedSequencePoints="0" numBranchPoints="0" visitedBranchPoints="0" sequenceCoverage="0" branchCoverage="0" maxCyclomaticComplexity="1" minCyclomaticComplexity="1" maxCrapScore="2" minCrapScore="2" visitedClasses="0" numClasses="0" visitedMethods="0" numMethods="0" />
              <MetadataToken>100663385</MetadataToken>
              <Name>System.Void projectmanager.Service.Tests.Repository.TasksBaseTest/&lt;&gt;c__DisplayClass8_0::.ctor()</Name>
              <SequencePoints />
              <BranchPoints />
              <MethodPoint vc="0" uspid="149" ordinal="0" offset="0" />
            </Method>
            <Method visited="false" cyclomaticComplexity="1" nPathComplexity="0" sequenceCoverage="0" branchCoverage="0" crapScore="2" isConstructor="false" isStatic="false" isGetter="false" isSetter="false">
              <Summary numSequencePoints="1" visitedSequencePoints="0" numBranchPoints="1" visitedBranchPoints="0" sequenceCoverage="0" branchCoverage="0" maxCyclomaticComplexity="1" minCyclomaticComplexity="1" maxCrapScore="2" minCrapScore="2" visitedClasses="0" numClasses="0" visitedMethods="0" numMethods="1" />
              <MetadataToken>100663386</MetadataToken>
              <Name>System.Void projectmanager.Service.Tests.Repository.TasksBaseTest/&lt;&gt;c__DisplayClass8_0::&lt;Setup&gt;b__10(projectmanager.DAL.Tasks)</Name>
              <FileRef uid="5" />
              <SequencePoints>
                <SequencePoint vc="0" uspid="150" ordinal="0" offset="0" sl="95" sc="83" el="95" ec="98" bec="0" bev="0" fileid="5" />
              </SequencePoints>
              <BranchPoints />
              <MethodPoint xsi:type="SequencePoint" vc="0" uspid="150" ordinal="0" offset="0" sl="95" sc="83" el="95" ec="98" bec="0" bev="0" fileid="5" />
            </Method>
            <Method visited="false" cyclomaticComplexity="1" nPathComplexity="0" sequenceCoverage="0" branchCoverage="0" crapScore="2" isConstructor="false" isStatic="false" isGetter="false" isSetter="false">
              <Summary numSequencePoints="1" visitedSequencePoints="0" numBranchPoints="1" visitedBranchPoints="0" sequenceCoverage="0" branchCoverage="0" maxCyclomaticComplexity="1" minCyclomaticComplexity="1" maxCrapScore="2" minCrapScore="2" visitedClasses="0" numClasses="0" visitedMethods="0" numMethods="1" />
              <MetadataToken>100663387</MetadataToken>
              <Name>System.Void projectmanager.Service.Tests.Repository.TasksBaseTest/&lt;&gt;c__DisplayClass8_0::&lt;Setup&gt;b__12(projectmanager.DAL.Tasks)</Name>
              <FileRef uid="5" />
              <SequencePoints>
                <SequencePoint vc="0" uspid="151" ordinal="0" offset="0" sl="96" sc="86" el="96" ec="104" bec="0" bev="0" fileid="5" />
              </SequencePoints>
              <BranchPoints />
              <MethodPoint xsi:type="SequencePoint" vc="0" uspid="151" ordinal="0" offset="0" sl="96" sc="86" el="96" ec="104" bec="0" bev="0" fileid="5" />
            </Method>
          </Methods>
        </Class>
        <Class>
          <Summary numSequencePoints="12" visitedSequencePoints="4" numBranchPoints="6" visitedBranchPoints="2" sequenceCoverage="33.33" branchCoverage="33.33" maxCyclomaticComplexity="2" minCyclomaticComplexity="1" maxCrapScore="6" minCrapScore="1" visitedClasses="1" numClasses="1" visitedMethods="2" numMethods="6" />
          <FullName>projectmanager.Service.Tests.Repository.TasksBaseTest/&lt;&gt;c</FullName>
          <Methods>
            <Method visited="false" cyclomaticComplexity="1" nPathComplexity="0" sequenceCoverage="0" branchCoverage="0" crapScore="2" isConstructor="true" isStatic="true" isGetter="false" isSetter="false">
              <Summary numSequencePoints="0" visitedSequencePoints="0" numBranchPoints="0" visitedBranchPoints="0" sequenceCoverage="0" branchCoverage="0" maxCyclomaticComplexity="1" minCyclomaticComplexity="1" maxCrapScore="2" minCrapScore="2" visitedClasses="0" numClasses="0" visitedMethods="0" numMethods="0" />
              <MetadataToken>100663388</MetadataToken>
              <Name>System.Void projectmanager.Service.Tests.Repository.TasksBaseTest/&lt;&gt;c::.cctor()</Name>
              <SequencePoints />
              <BranchPoints />
              <MethodPoint vc="0" uspid="152" ordinal="0" offset="0" />
            </Method>
            <Method visited="false" cyclomaticComplexity="1" nPathComplexity="0" sequenceCoverage="0" branchCoverage="0" crapScore="2" isConstructor="true" isStatic="false" isGetter="false" isSetter="false">
              <Summary numSequencePoints="0" visitedSequencePoints="0" numBranchPoints="0" visitedBranchPoints="0" sequenceCoverage="0" branchCoverage="0" maxCyclomaticComplexity="1" minCyclomaticComplexity="1" maxCrapScore="2" minCrapScore="2" visitedClasses="0" numClasses="0" visitedMethods="0" numMethods="0" />
              <MetadataToken>100663389</MetadataToken>
              <Name>System.Void projectmanager.Service.Tests.Repository.TasksBaseTest/&lt;&gt;c::.ctor()</Name>
              <SequencePoints />
              <BranchPoints />
              <MethodPoint vc="0" uspid="153" ordinal="0" offset="0" />
            </Method>
            <Method visited="false" cyclomaticComplexity="2" nPathComplexity="0" sequenceCoverage="0" branchCoverage="0" crapScore="6" isConstructor="false" isStatic="false" isGetter="false" isSetter="false">
              <Summary numSequencePoints="1" visitedSequencePoints="0" numBranchPoints="1" visitedBranchPoints="0" sequenceCoverage="0" branchCoverage="0" maxCyclomaticComplexity="2" minCyclomaticComplexity="2" maxCrapScore="6" minCrapScore="6" visitedClasses="0" numClasses="0" visitedMethods="0" numMethods="1" />
              <MetadataToken>100663390</MetadataToken>
              <Name>System.Threading.Tasks.Task`1&lt;System.Int32&gt; projectmanager.Service.Tests.Repository.TasksBaseTest/&lt;&gt;c::&lt;Setup&gt;b__8_8()</Name>
              <FileRef uid="5" />
              <SequencePoints>
                <SequencePoint vc="0" uspid="154" ordinal="0" offset="0" sl="93" sc="72" el="93" ec="101" bec="0" bev="0" fileid="5" />
              </SequencePoints>
              <BranchPoints />
              <MethodPoint xsi:type="SequencePoint" vc="0" uspid="154" ordinal="0" offset="0" sl="93" sc="72" el="93" ec="101" bec="0" bev="0" fileid="5" />
            </Method>
            <Method visited="false" cyclomaticComplexity="1" nPathComplexity="0" sequenceCoverage="0" branchCoverage="0" crapScore="2" isConstructor="false" isStatic="false" isGetter="false" isSetter="false">
              <Summary numSequencePoints="3" visitedSequencePoints="0" numBranchPoints="1" visitedBranchPoints="0" sequenceCoverage="0" branchCoverage="0" maxCyclomaticComplexity="1" minCyclomaticComplexity="1" maxCrapScore="2" minCrapScore="2" visitedClasses="0" numClasses="0" visitedMethods="0" numMethods="1" />
              <MetadataToken>100663391</MetadataToken>
              <Name>System.Int32 projectmanager.Service.Tests.Repository.TasksBaseTest/&lt;&gt;c::&lt;Setup&gt;b__8_16()</Name>
              <FileRef uid="5" />
              <SequencePoints>
                <SequencePoint vc="0" uspid="157" ordinal="0" offset="0" sl="93" sc="87" el="93" ec="88" bec="0" bev="0" fileid="5" />
                <SequencePoint vc="0" uspid="158" ordinal="1" offset="1" sl="93" sc="89" el="93" ec="98" bec="0" bev="0" fileid="5" />
                <SequencePoint vc="0" uspid="159" ordinal="2" offset="5" sl="93" sc="99" el="93" ec="100" bec="0" bev="0" fileid="5" />
              </SequencePoints>
              <BranchPoints />
[...]
                  <TrackedMethodRefs>
                    <TrackedMethodRef uid="10" vc="1" />
                    <TrackedMethodRef uid="11" vc="1" />
                  </TrackedMethodRefs>
                </BranchPoint>
                <BranchPoint vc="0" uspid="1485" ordinal="5" offset="64" sl="147" path="1" offsetend="705" fileid="136" />
                <BranchPoint vc="1" uspid="1490" ordinal="10" offset="379" sl="168" path="0" offsetend="384" fileid="136">
                  <TrackedMethodRefs>
                    <TrackedMethodRef uid="10" vc="1" />
                  </TrackedMethodRefs>
                </BranchPoint>
                <BranchPoint vc="1" uspid="1491" ordinal="11" offset="379" sl="168" path="1" offsetend="548" fileid="136">
                  <TrackedMethodRefs>
                    <TrackedMethodRef uid="11" vc="1" />
                  </TrackedMethodRefs>
                </BranchPoint>
              </BranchPoints>
              <MethodPoint vc="4" uspid="1496" ordinal="0" offset="0">
                <TrackedMethodRefs>
                  <TrackedMethodRef uid="10" vc="2" />
                  <TrackedMethodRef uid="11" vc="2" />
                </TrackedMethodRefs>
              </MethodPoint>
            </Method>
            <Method visited="false" cyclomaticComplexity="1" nPathComplexity="0" sequenceCoverage="0" branchCoverage="0" crapScore="2" isConstructor="false" isStatic="false" isGetter="false" isSetter="false">
              <Summary numSequencePoints="0" visitedSequencePoints="0" numBranchPoints="0" visitedBranchPoints="0" sequenceCoverage="0" branchCoverage="0" maxCyclomaticComplexity="1" minCyclomaticComplexity="1" maxCrapScore="2" minCrapScore="2" visitedClasses="0" numClasses="0" visitedMethods="0" numMethods="0" />
              <MetadataToken>100663461</MetadataToken>
              <Name>System.Void projectmanager.Service.Controllers.TasksController/&lt;InsertTaskAsync&gt;d__8::SetStateMachine(System.Runtime.CompilerServices.IAsyncStateMachine)</Name>
              <SequencePoints />
              <BranchPoints />
              <MethodPoint vc="0" uspid="1497" ordinal="0" offset="0" />
            </Method>
          </Methods>
        </Class>
        <Class>
          <Summary numSequencePoints="25" visitedSequencePoints="25" numBranchPoints="3" visitedBranchPoints="3" sequenceCoverage="100" branchCoverage="100" maxCyclomaticComplexity="9" minCyclomaticComplexity="1" maxCrapScore="9" minCrapScore="2" visitedClasses="1" numClasses="1" visitedMethods="1" numMethods="1" />
          <FullName>projectmanager.Service.Controllers.TasksController/&lt;UpdateTask&gt;d__9</FullName>
          <Methods>
            <Method visited="false" cyclomaticComplexity="1" nPathComplexity="0" sequenceCoverage="0" branchCoverage="0" crapScore="2" isConstructor="true" isStatic="false" isGetter="false" isSetter="false">
              <Summary numSequencePoints="0" visitedSequencePoints="0" numBranchPoints="0" visitedBranchPoints="0" sequenceCoverage="0" branchCoverage="0" maxCyclomaticComplexity="1" minCyclomaticComplexity="1" maxCrapScore="2" minCrapScore="2" visitedClasses="0" numClasses="0" visitedMethods="0" numMethods="0" />
              <MetadataToken>100663462</MetadataToken>
              <Name>System.Void projectmanager.Service.Controllers.TasksController/&lt;UpdateTask&gt;d__9::.ctor()</Name>
              <SequencePoints />
              <BranchPoints />
              <MethodPoint vc="0" uspid="1498" ordinal="0" offset="0" />
            </Method>
            <Method visited="true" cyclomaticComplexity="9" nPathComplexity="2" sequenceCoverage="100" branchCoverage="100" crapScore="9" isConstructor="false" isStatic="false" isGetter="false" isSetter="false">
              <Summary numSequencePoints="25" visitedSequencePoints="25" numBranchPoints="3" visitedBranchPoints="3" sequenceCoverage="100" branchCoverage="100" maxCyclomaticComplexity="9" minCyclomaticComplexity="9" maxCrapScore="9" minCrapScore="9" visitedClasses="0" numClasses="0" visitedMethods="1" numMethods="1" />
              <MetadataToken>100663463</MetadataToken>
              <Name>System.Void projectmanager.Service.Controllers.TasksController/&lt;UpdateTask&gt;d__9::MoveNext()</Name>
              <FileRef uid="136" />
              <SequencePoints>
                <SequencePoint vc="2" uspid="1499" ordinal="0" offset="28" sl="192" sc="9" el="192" ec="10" bec="0" bev="0" fileid="136">
                  <TrackedMethodRefs>
                    <TrackedMethodRef uid="12" vc="1" />
                    <TrackedMethodRef uid="13" vc="1" />
                  </TrackedMethodRefs>
                </SequencePoint>
                <SequencePoint vc="2" uspid="1500" ordinal="1" offset="29" sl="193" sc="13" el="193" ec="33" bec="0" bev="0" fileid="136">
                  <TrackedMethodRefs>
                    <TrackedMethodRef uid="12" vc="1" />
                    <TrackedMethodRef uid="13" vc="1" />
                  </TrackedMethodRefs>
                </SequencePoint>
                <SequencePoint vc="2" uspid="1501" ordinal="2" offset="36" sl="195" sc="13" el="195" ec="41" bec="0" bev="0" fileid="136">
                  <TrackedMethodRefs>
                    <TrackedMethodRef uid="12" vc="1" />
                    <TrackedMethodRef uid="13" vc="1" />
                  </TrackedMethodRefs>
                </SequencePoint>
                <SequencePoint vc="2" uspid="1502" ordinal="3" offset="47" sl="196" sc="13" el="196" ec="54" bec="0" bev="0" fileid="136">
                  <TrackedMethodRefs>
                    <TrackedMethodRef uid="12" vc="1" />
                    <TrackedMethodRef uid="13" vc="1" />
                  </TrackedMethodRefs>
                </SequencePoint>
                <SequencePoint vc="2" uspid="1503" ordinal="4" offset="58" sl="197" sc="13" el="197" ec="50" bec="0" bev="0" fileid="136">
                  <TrackedMethodRefs>
                    <TrackedMethodRef uid="12" vc="1" />
                    <TrackedMethodRef uid="13" vc="1" />
                  </TrackedMethodRefs>
                </SequencePoint>
                <SequencePoint vc="2" uspid="1504" ordinal="5" offset="75" sl="198" sc="13" el="198" ec="38" bec="0" bev="0" fileid="136">
                  <TrackedMethodRefs>
                    <TrackedMethodRef uid="12" vc="1" />
                    <TrackedMethodRef uid="13" vc="1" />
                  </TrackedMethodRefs>
                </SequencePoint>
                <SequencePoint vc="2" uspid="1505" ordinal="6" offset="92" sl="202" sc="13" el="202" ec="44" bec="0" bev="0" fileid="136">
                  <TrackedMethodRefs>
                    <TrackedMethodRef uid="12" vc="1" />
                    <TrackedMethodRef uid="13" vc="1" />
                  </TrackedMethodRefs>
                </SequencePoint>
                <SequencePoint vc="2" uspid="1506" ordinal="7" offset="115" sl="203" sc="13" el="203" ec="38" bec="0" bev="0" fileid="136">
                  <TrackedMethodRefs>
                    <TrackedMethodRef uid="12" vc="1" />
                    <TrackedMethodRef uid="13" vc="1" />
                  </TrackedMethodRefs>
                </SequencePoint>
                <SequencePoint vc="2" uspid="1507" ordinal="8" offset="138" sl="205" sc="13" el="205" ec="70" bec="0" bev="0" fileid="136">
                  <TrackedMethodRefs>
                    <TrackedMethodRef uid="12" vc="1" />
                    <TrackedMethodRef uid="13" vc="1" />
                  </TrackedMethodRefs>
                </SequencePoint>
                <SequencePoint vc="2" uspid="1508" ordinal="9" offset="180" sl="207" sc="13" el="207" ec="50" bec="0" bev="0" fileid="136">
                  <TrackedMethodRefs>
                    <TrackedMethodRef uid="12" vc="1" />
                    <TrackedMethodRef uid="13" vc="1" />
                  </TrackedMethodRefs>
                </SequencePoint>
                <SequencePoint vc="2" uspid="1509" ordinal="10" offset="203" sl="208" sc="13" el="208" ec="46" bec="0" bev="0" fileid="136">
                  <TrackedMethodRefs>
                    <TrackedMethodRef uid="12" vc="1" />
                    <TrackedMethodRef uid="13" vc="1" />
                  </TrackedMethodRefs>
                </SequencePoint>
                <SequencePoint vc="2" uspid="1510" ordinal="11" offset="226" sl="209" sc="13" el="209" ec="103" bec="0" bev="0" fileid="136">
                  <TrackedMethodRefs>
                    <TrackedMethodRef uid="12" vc="1" />
                    <TrackedMethodRef uid="13" vc="1" />
                  </TrackedMethodRefs>
                </SequencePoint>
                <SequencePoint vc="2" uspid="1511" ordinal="12" offset="288" sl="210" sc="13" el="210" ec="35" bec="0" bev="0" fileid="136">
                  <TrackedMethodRefs>
                    <TrackedMethodRef uid="12" vc="1" />
                    <TrackedMethodRef uid="13" vc="1" />
                  </TrackedMethodRefs>
                </SequencePoint>
                <SequencePoint vc="2" uspid="1512" ordinal="13" offset="306" sl="211" sc="13" el="211" ec="44" bec="0" bev="0" fileid="136">
                  <TrackedMethodRefs>
                    <TrackedMethodRef uid="12" vc="1" />
                    <TrackedMethodRef uid="13" vc="1" />
                  </TrackedMethodRefs>
                </SequencePoint>
                <SequencePoint vc="2" uspid="1513" ordinal="14" offset="329" sl="214" sc="13" el="214" ec="54" bec="0" bev="0" fileid="136">
                  <TrackedMethodRefs>
                    <TrackedMethodRef uid="12" vc="1" />
                    <TrackedMethodRef uid="13" vc="1" />
                  </TrackedMethodRefs>
                </SequencePoint>
                <SequencePoint vc="2" uspid="1514" ordinal="15" offset="356" sl="216" sc="13" el="216" ec="30" bec="2" bev="2" fileid="136">
                  <TrackedMethodRefs>
                    <TrackedMethodRef uid="12" vc="1" />
                    <TrackedMethodRef uid="13" vc="1" />
                  </TrackedMethodRefs>
                </SequencePoint>
                <SequencePoint vc="1" uspid="1515" ordinal="16" offset="369" sl="217" sc="13" el="217" ec="14" bec="0" bev="0" fileid="136">
                  <TrackedMethodRefs>
                    <TrackedMethodRef uid="12" vc="1" />
                  </TrackedMethodRefs>
                </SequencePoint>
                <SequencePoint vc="1" uspid="1516" ordinal="17" offset="370" sl="218" sc="17" el="218" ec="51" bec="0" bev="0" fileid="136">
                  <TrackedMethodRefs>
                    <TrackedMethodRef uid="12" vc="1" />
                  </TrackedMethodRefs>
                </SequencePoint>
                <SequencePoint vc="1" uspid="1517" ordinal="18" offset="388" sl="220" sc="17" el="220" ec="76" bec="0" bev="0" fileid="136">
                  <TrackedMethodRefs>
                    <TrackedMethodRef uid="12" vc="1" />
                  </TrackedMethodRefs>
                </SequencePoint>
                <SequencePoint vc="1" uspid="1518" ordinal="19" offset="527" sl="221" sc="13" el="221" ec="14" bec="0" bev="0" fileid="136">
                  <TrackedMethodRefs>
                    <TrackedMethodRef uid="12" vc="1" />
                  </TrackedMethodRefs>
                </SequencePoint>
                <SequencePoint vc="1" uspid="1519" ordinal="20" offset="533" sl="223" sc="13" el="223" ec="14" bec="0" bev="0" fileid="136">
                  <TrackedMethodRefs>
                    <TrackedMethodRef uid="13" vc="1" />
                  </TrackedMethodRefs>
                </SequencePoint>
                <SequencePoint vc="1" uspid="1520" ordinal="21" offset="534" sl="224" sc="17" el="224" ec="64" bec="0" bev="0" fileid="136">
                  <TrackedMethodRefs>
                    <TrackedMethodRef uid="13" vc="1" />
                  </TrackedMethodRefs>
                </SequencePoint>
                <SequencePoint vc="1" uspid="1521" ordinal="22" offset="664" sl="226" sc="13" el="226" ec="14" bec="0" bev="0" fileid="136">
                  <TrackedMethodRefs>
                    <TrackedMethodRef uid="13" vc="1" />
                  </TrackedMethodRefs>
                </SequencePoint>
                <SequencePoint vc="2" uspid="1522" ordinal="23" offset="665" sl="228" sc="13" el="228" ec="27" bec="0" bev="0" fileid="136">
                  <TrackedMethodRefs>
                    <TrackedMethodRef uid="12" vc="1" />
                    <TrackedMethodRef uid="13" vc="1" />
                  </TrackedMethodRefs>
                </SequencePoint>
                <SequencePoint vc="2" uspid="1523" ordinal="24" offset="700" sl="230" sc="9" el="230" ec="10" bec="0" bev="0" fileid="136">
                  <TrackedMethodRefs>
                    <TrackedMethodRef uid="12" vc="1" />
                    <TrackedMethodRef uid="13" vc="1" />
                  </TrackedMethodRefs>
                </SequencePoint>
              </SequencePoints>
              <BranchPoints>
                <BranchPoint vc="1" uspid="1532" ordinal="8" offset="364" sl="216" path="0" offsetend="369" fileid="136">
                  <TrackedMethodRefs>
                    <TrackedMethodRef uid="12" vc="1" />
                  </TrackedMethodRefs>
                </BranchPoint>
                <BranchPoint vc="1" uspid="1533" ordinal="9" offset="364" sl="216" path="1" offsetend="533" fileid="136">
                  <TrackedMethodRefs>
                    <TrackedMethodRef uid="13" vc="1" />
                  </TrackedMethodRefs>
                </BranchPoint>
              </BranchPoints>
              <MethodPoint vc="4" uspid="1538" ordinal="0" offset="0">
                <TrackedMethodRefs>
                  <TrackedMethodRef uid="12" vc="2" />
                  <TrackedMethodRef uid="13" vc="2" />
                </TrackedMethodRefs>
              </MethodPoint>
            </Method>
            <Method visited="false" cyclomaticComplexity="1" nPathComplexity="0" sequenceCoverage="0" branchCoverage="0" crapScore="2" isConstructor="false" isStatic="false" isGetter="false" isSetter="false">
              <Summary numSequencePoints="0" visitedSequencePoints="0" numBranchPoints="0" visitedBranchPoints="0" sequenceCoverage="0" branchCoverage="0" maxCyclomaticComplexity="1" minCyclomaticComplexity="1" maxCrapScore="2" minCrapScore="2" visitedClasses="0" numClasses="0" visitedMethods="0" numMethods="0" />
              <MetadataToken>100663464</MetadataToken>
              <Name>System.Void projectmanager.Service.Controllers.TasksController/&lt;UpdateTask&gt;d__9::SetStateMachine(System.Runtime.CompilerServices.IAsyncStateMachine)</Name>
              <SequencePoints />
              <BranchPoints />
              <MethodPoint vc="0" uspid="1539" ordinal="0" offset="0" />
            </Method>
          </Methods>
        </Class>
        <Class>
          <Summary numSequencePoints="5" visitedSequencePoints="5" numBranchPoints="1" visitedBranchPoints="1" sequenceCoverage="100" branchCoverage="100" maxCyclomaticComplexity="3" minCyclomaticComplexity="1" maxCrapScore="3" minCrapScore="2" visitedClasses="1" numClasses="1" visitedMethods="1" numMethods="1" />
          <FullName>projectmanager.Service.Controllers.TasksController/&lt;DeleteTask&gt;d__10</FullName>
          <Methods>
            <Method visited="false" cyclomaticComplexity="1" nPathComplexity="0" sequenceCoverage="0" branchCoverage="0" crapScore="2" isConstructor="true" isStatic="false" isGetter="false" isSetter="false">
              <Summary numSequencePoints="0" visitedSequencePoints="0" numBranchPoints="0" visitedBranchPoints="0" sequenceCoverage="0" branchCoverage="0" maxCyclomaticComplexity="1" minCyclomaticComplexity="1" maxCrapScore="2" minCrapScore="2" visitedClasses="0" numClasses="0" visitedMethods="0" numMethods="0" />
              <MetadataToken>100663465</MetadataToken>
              <Name>System.Void projectmanager.Service.Controllers.TasksController/&lt;DeleteTask&gt;d__10::.ctor()</Name>
              <SequencePoints />
              <BranchPoints />
              <MethodPoint vc="0" uspid="1540" ordinal="0" offset="0" />
            </Method>
            <Method visited="true" cyclomaticComplexity="3" nPathComplexity="0" sequenceCoverage="100" branchCoverage="100" crapScore="3" isConstructor="false" isStatic="false" isGetter="false" isSetter="false">
              <Summary numSequencePoints="5" visitedSequencePoints="5" numBranchPoints="1" visitedBranchPoints="1" sequenceCoverage="100" branchCoverage="100" maxCyclomaticComplexity="3" minCyclomaticComplexity="3" maxCrapScore="3" minCrapScore="3" visitedClasses="0" numClasses="0" visitedMethods="1" numMethods="1" />
              <MetadataToken>100663466</MetadataToken>
              <Name>System.Void projectmanager.Service.Controllers.TasksController/&lt;DeleteTask&gt;d__10::MoveNext()</Name>
              <FileRef uid="136" />
              <SequencePoints>
                <SequencePoint vc="1" uspid="1541" ordinal="0" offset="14" sl="233" sc="9" el="233" ec="10" bec="0" bev="0" fileid="136">
                  <TrackedMethodRefs>
                    <TrackedMethodRef uid="14" vc="1" />
                  </TrackedMethodRefs>
                </SequencePoint>
                <SequencePoint vc="1" uspid="1542" ordinal="1" offset="15" sl="235" sc="13" el="235" ec="54" bec="0" bev="0" fileid="136">
                  <TrackedMethodRefs>
                    <TrackedMethodRef uid="14" vc="1" />
                  </TrackedMethodRefs>
                </SequencePoint>
                <SequencePoint vc="1" uspid="1543" ordinal="2" offset="42" sl="236" sc="13" el="236" ec="59" bec="0" bev="0" fileid="136">
                  <TrackedMethodRefs>
                    <TrackedMethodRef uid="14" vc="1" />
                  </TrackedMethodRefs>
                </SequencePoint>
                <SequencePoint vc="1" uspid="1544" ordinal="3" offset="168" sl="237" sc="13" el="237" ec="27" bec="0" bev="0" fileid="136">
                  <TrackedMethodRefs>
                    <TrackedMethodRef uid="14" vc="1" />
                  </TrackedMethodRefs>
                </SequencePoint>
                <SequencePoint vc="1" uspid="1545" ordinal="4" offset="203" sl="238" sc="9" el="238" ec="10" bec="0" bev="0" fileid="136">
                  <TrackedMethodRefs>
                    <TrackedMethodRef uid="14" vc="1" />
                  </TrackedMethodRefs>
                </SequencePoint>
              </SequencePoints>
              <BranchPoints />
              <MethodPoint vc="2" uspid="1548" ordinal="0" offset="0">
                <TrackedMethodRefs>
                  <TrackedMethodRef uid="14" vc="2" />
                </TrackedMethodRefs>
              </MethodPoint>
            </Method>
            <Method visited="false" cyclomaticComplexity="1" nPathComplexity="0" sequenceCoverage="0" branchCoverage="0" crapScore="2" isConstructor="false" isStatic="false" isGetter="false" isSetter="false">
              <Summary numSequencePoints="0" visitedSequencePoints="0" numBranchPoints="0" visitedBranchPoints="0" sequenceCoverage="0" branchCoverage="0" maxCyclomaticComplexity="1" minCyclomaticComplexity="1" maxCrapScore="2" minCrapScore="2" visitedClasses="0" numClasses="0" visitedMethods="0" numMethods="0" />
              <MetadataToken>100663467</MetadataToken>
              <Name>System.Void projectmanager.Service.Controllers.TasksController/&lt;DeleteTask&gt;d__10::SetStateMachine(System.Runtime.CompilerServices.IAsyncStateMachine)</Name>
              <SequencePoints />
              <BranchPoints />
              <MethodPoint vc="0" uspid="1549" ordinal="0" offset="0" />
            </Method>
          </Methods>
        </Class>
      </Classes>
      <TrackedMethods />
    </Module>
  </Modules>
</CoverageSession>